2024-01-15 10:30:15 INFO [Application] Starting application server on port 8080
2024-01-15 10:30:16 INFO [Database] Connected to PostgreSQL database successfully
2024-01-15 10:30:17 INFO [Cache] Redis cache initialized with 512MB memory
2024-01-15 10:31:22 INFO [Auth] User authentication service started
2024-01-15 10:32:45 WARN [Database] Connection pool at 80% capacity
2024-01-15 10:33:12 ERROR [Payment] Failed to process payment for order #12345: Invalid credit card
2024-01-15 10:33:15 INFO [Payment] Payment retry initiated for order #12345
2024-01-15 10:34:30 ERROR [Email] Failed to send confirmation email: SMTP connection timeout
2024-01-15 10:35:18 INFO [User] New user registration: john.doe@example.com
2024-01-15 10:36:45 WARN [Security] Multiple failed login attempts detected for IP 192.168.1.100
2024-01-15 10:37:22 INFO [API] GET /api/users/123 - 200 OK - 45ms
2024-01-15 10:38:15 ERROR [API] POST /api/orders - 500 Internal Server Error - 1200ms
2024-01-15 10:38:16 ERROR [Database] Query timeout: SELECT * FROM orders WHERE user_id = 456
2024-01-15 10:39:30 INFO [Cache] Cache hit rate: 85.2%
2024-01-15 10:40:12 WARN [Memory] Heap usage at 75% - consider garbage collection
2024-01-15 10:41:05 INFO [Backup] Database backup completed successfully
2024-01-15 10:42:18 ERROR [FileSystem] Failed to write to log file: Permission denied
2024-01-15 10:43:25 INFO [Monitoring] System health check passed
2024-01-15 10:44:30 WARN [Network] High latency detected: 150ms average response time
2024-01-15 10:45:12 INFO [JobQueue] Background job completed: email_processing_123
2024-01-15 10:46:45 ERROR [ThirdParty] External API timeout: payment_gateway
2024-01-15 10:47:18 INFO [Analytics] User session started: session_id_789
2024-01-15 10:48:30 WARN [Database] Slow query detected: 2.5s execution time
2024-01-15 10:49:15 INFO [Security] User logout: user_id_456
2024-01-15 10:50:22 ERROR [Validation] Invalid input data: email format incorrect
2024-01-15 10:51:30 INFO [Notification] Push notification sent: user_id_789
2024-01-15 10:52:45 WARN [Performance] Page load time exceeded threshold: 3.2s
2024-01-15 10:53:18 INFO [Integration] Webhook received from payment provider
2024-01-15 10:54:30 ERROR [Encryption] Failed to decrypt sensitive data
2024-01-15 10:55:15 INFO [Audit] Admin action logged: user_management_update
2024-01-15 10:56:22 WARN [Resource] Disk space usage at 85%
2024-01-15 10:57:45 INFO [Deployment] New version deployed: v2.1.0
2024-01-15 10:58:30 ERROR [Authentication] JWT token expired for user_id_123
2024-01-15 10:59:15 INFO [Metrics] Application metrics collected successfully 