
> frontend@0.1.0 start
> react-scripts start

(node:5446) [DEP0176] DeprecationWarning: fs.F_OK is deprecated, use fs.constants.F_OK instead
(Use `node --trace-deprecation ...` to show where the warning was created)
(node:5446) [DEP_WEBPACK_DEV_SERVER_ON_AFTER_SETUP_MIDDLEWARE] DeprecationWarning: 'onAfterSetupMiddleware' option is deprecated. Please use the 'setupMiddlewares' option.
(node:5446) [DEP_WEBPACK_DEV_SERVER_ON_BEFORE_SETUP_MIDDLEWARE] DeprecationWarning: 'onBeforeSetupMiddleware' option is deprecated. Please use the 'setupMiddlewares' option.
Starting the development server...

Compiled with warnings.

[eslint] 
src/components/Search/SearchInterface.tsx
  Line 1:27:   'useEffect' is defined but never used                @typescript-eslint/no-unused-vars
  Line 22:8:   'FilterListIcon' is defined but never used           @typescript-eslint/no-unused-vars
  Line 23:22:  'getSearchSuggestions' is defined but never used     @typescript-eslint/no-unused-vars
  Line 23:44:  'getSearchStats' is defined but never used           @typescript-eslint/no-unused-vars
  Line 53:10:  'suggestions' is assigned a value but never used     @typescript-eslint/no-unused-vars
  Line 53:23:  'setSuggestions' is assigned a value but never used  @typescript-eslint/no-unused-vars

Search for the keywords to learn more about each warning.
To ignore, add // eslint-disable-next-line to the line before.

WARNING in [eslint] 
src/components/Search/SearchInterface.tsx
  Line 1:27:   'useEffect' is defined but never used                @typescript-eslint/no-unused-vars
  Line 22:8:   'FilterListIcon' is defined but never used           @typescript-eslint/no-unused-vars
  Line 23:22:  'getSearchSuggestions' is defined but never used     @typescript-eslint/no-unused-vars
  Line 23:44:  'getSearchStats' is defined but never used           @typescript-eslint/no-unused-vars
  Line 53:10:  'suggestions' is assigned a value but never used     @typescript-eslint/no-unused-vars
  Line 53:23:  'setSuggestions' is assigned a value but never used  @typescript-eslint/no-unused-vars

webpack compiled with 1 warning
No issues found.
