2025-07-18 08:15:57 - __main__ - INFO - Starting Data Retention System...
2025-07-18 08:16:20 - __main__ - INFO - Starting Data Retention System...
2025-07-18 08:16:21 - watchfiles.main - INFO - 4 changes detected
2025-07-18 08:16:54 - watchfiles.main - INFO - 1 change detected
2025-07-18 08:16:55 - watchfiles.main - INFO - 1 change detected
2025-07-18 08:17:00 - watchfiles.main - INFO - 1 change detected
2025-07-18 08:17:31 - watchfiles.main - INFO - 1 change detected
2025-07-18 08:17:33 - watchfiles.main - INFO - 1 change detected
2025-07-18 09:33:29 - watchfiles.main - INFO - 1 change detected
2025-07-18 09:33:29 - __main__ - INFO - Starting Data Retention System...
2025-07-18 09:33:29 - watchfiles.main - INFO - 1 change detected
2025-07-18 09:36:43 - watchfiles.main - INFO - 1 change detected
2025-07-18 09:36:44 - watchfiles.main - INFO - 1 change detected
2025-07-18 09:36:50 - watchfiles.main - INFO - 2 changes detected
2025-07-18 09:36:52 - watchfiles.main - INFO - 1 change detected
2025-07-18 09:36:57 - watchfiles.main - INFO - 1 change detected
2025-07-18 09:36:58 - watchfiles.main - INFO - 1 change detected
2025-07-18 09:37:06 - watchfiles.main - INFO - 1 change detected
2025-07-18 09:37:07 - watchfiles.main - INFO - 1 change detected
2025-07-18 09:37:15 - watchfiles.main - INFO - 1 change detected
2025-07-18 09:37:17 - watchfiles.main - INFO - 1 change detected
2025-07-18 09:37:23 - watchfiles.main - INFO - 1 change detected
2025-07-18 09:37:25 - watchfiles.main - INFO - 1 change detected
2025-07-18 09:37:35 - watchfiles.main - INFO - 1 change detected
2025-07-18 09:37:36 - watchfiles.main - INFO - 1 change detected
2025-07-18 09:37:56 - watchfiles.main - INFO - 1 change detected
2025-07-18 09:37:58 - watchfiles.main - INFO - 1 change detected
2025-07-18 09:38:10 - watchfiles.main - INFO - 1 change detected
2025-07-18 09:38:12 - watchfiles.main - INFO - 1 change detected
2025-07-18 09:38:30 - watchfiles.main - INFO - 1 change detected
2025-07-18 09:38:32 - watchfiles.main - INFO - 1 change detected
2025-07-18 09:38:55 - watchfiles.main - INFO - 1 change detected
2025-07-18 09:38:57 - watchfiles.main - INFO - 1 change detected
2025-07-18 09:39:03 - watchfiles.main - INFO - 1 change detected
2025-07-18 09:39:05 - watchfiles.main - INFO - 1 change detected
2025-07-18 09:39:58 - watchfiles.main - INFO - 1 change detected
2025-07-18 09:40:15 - watchfiles.main - INFO - 1 change detected
2025-07-18 09:40:21 - watchfiles.main - INFO - 2 changes detected
2025-07-18 09:41:01 - watchfiles.main - INFO - 1 change detected
2025-07-18 09:41:20 - watchfiles.main - INFO - 1 change detected
2025-07-18 09:41:58 - watchfiles.main - INFO - 1 change detected
2025-07-18 09:42:31 - watchfiles.main - INFO - 1 change detected
2025-07-18 09:42:33 - watchfiles.main - INFO - 1 change detected
2025-07-18 09:43:26 - watchfiles.main - INFO - 1 change detected
2025-07-18 09:44:20 - watchfiles.main - INFO - 1 change detected
2025-07-18 09:44:21 - watchfiles.main - INFO - 1 change detected
2025-07-18 09:44:39 - watchfiles.main - INFO - 2 changes detected
2025-07-18 09:46:56 - watchfiles.main - INFO - 1 change detected
2025-07-18 09:47:19 - watchfiles.main - INFO - 2 changes detected
2025-07-18 09:47:25 - watchfiles.main - INFO - 2 changes detected
2025-07-18 09:47:28 - watchfiles.main - INFO - 1 change detected
2025-07-18 09:47:29 - __main__ - INFO - Starting Data Retention System...
2025-07-18 09:47:29 - watchfiles.main - INFO - 1 change detected
2025-07-18 09:47:58 - watchfiles.main - INFO - 1320 changes detected
2025-07-18 09:48:02 - watchfiles.main - INFO - 10844 changes detected
2025-07-18 09:48:04 - watchfiles.main - INFO - 13949 changes detected
2025-07-18 09:48:07 - watchfiles.main - INFO - 16752 changes detected
2025-07-18 09:48:09 - watchfiles.main - INFO - 10380 changes detected
2025-07-18 09:48:10 - watchfiles.main - INFO - 2 changes detected
2025-07-18 09:48:10 - watchfiles.main - INFO - 12 changes detected
2025-07-18 09:48:11 - watchfiles.main - INFO - 2 changes detected
2025-07-18 09:48:26 - watchfiles.main - INFO - 12654 changes detected
2025-07-18 09:48:27 - watchfiles.main - INFO - 7040 changes detected
2025-07-18 09:48:29 - watchfiles.main - INFO - 17596 changes detected
2025-07-18 09:48:30 - watchfiles.main - INFO - 13099 changes detected
2025-07-18 09:48:37 - watchfiles.main - INFO - 1390 changes detected
2025-07-18 09:48:38 - watchfiles.main - INFO - 128 changes detected
2025-07-18 09:48:40 - watchfiles.main - INFO - 15271 changes detected
2025-07-18 09:48:43 - watchfiles.main - INFO - 11288 changes detected
2025-07-18 09:48:45 - watchfiles.main - INFO - 15938 changes detected
2025-07-18 09:48:46 - watchfiles.main - INFO - 3326 changes detected
2025-07-18 09:48:48 - watchfiles.main - INFO - 5585 changes detected
2025-07-18 09:48:49 - watchfiles.main - INFO - 11 changes detected
2025-07-18 09:48:49 - watchfiles.main - INFO - 2 changes detected
2025-07-18 09:49:21 - watchfiles.main - INFO - 1 change detected
2025-07-18 09:49:29 - watchfiles.main - INFO - 1 change detected
2025-07-18 09:49:30 - watchfiles.main - INFO - 2 changes detected
2025-07-18 09:49:30 - watchfiles.main - INFO - 7 changes detected
2025-07-18 09:49:31 - watchfiles.main - INFO - 7 changes detected
2025-07-18 09:49:31 - watchfiles.main - INFO - 5 changes detected
2025-07-18 09:49:31 - watchfiles.main - INFO - 3 changes detected
2025-07-18 09:49:32 - watchfiles.main - INFO - 3 changes detected
2025-07-18 09:49:32 - watchfiles.main - INFO - 55 changes detected
2025-07-18 09:49:33 - watchfiles.main - INFO - 46 changes detected
2025-07-18 09:49:35 - watchfiles.main - INFO - 1002 changes detected
2025-07-18 09:49:36 - watchfiles.main - INFO - 438 changes detected
2025-07-18 09:49:37 - watchfiles.main - INFO - 551 changes detected
2025-07-18 09:49:38 - watchfiles.main - INFO - 1 change detected
2025-07-18 09:49:44 - watchfiles.main - INFO - 10 changes detected
2025-07-18 09:50:21 - watchfiles.main - INFO - 1 change detected
2025-07-18 09:50:21 - watchfiles.main - INFO - 3 changes detected
2025-07-18 09:50:29 - watchfiles.main - INFO - 1 change detected
2025-07-18 09:50:29 - watchfiles.main - INFO - 3 changes detected
2025-07-18 09:50:36 - watchfiles.main - INFO - 1 change detected
2025-07-18 09:50:37 - watchfiles.main - INFO - 3 changes detected
2025-07-18 09:50:43 - __main__ - INFO - Starting Data Retention System...
2025-07-18 09:50:49 - watchfiles.main - INFO - 12 changes detected
2025-07-18 09:50:49 - watchfiles.main - INFO - 12 changes detected
2025-07-18 09:50:50 - watchfiles.main - INFO - 3 changes detected
2025-07-18 09:50:50 - watchfiles.main - INFO - 264 changes detected
2025-07-18 09:50:51 - watchfiles.main - INFO - 3 changes detected
2025-07-18 09:54:39 - __main__ - INFO - Starting Data Retention System...
2025-07-18 09:54:45 - watchfiles.main - INFO - 1 change detected
2025-07-18 09:54:46 - watchfiles.main - INFO - 1 change detected
2025-07-18 09:54:46 - watchfiles.main - INFO - 1 change detected
2025-07-18 09:54:49 - watchfiles.main - INFO - 27 changes detected
2025-07-18 09:54:50 - watchfiles.main - INFO - 17 changes detected
2025-07-18 09:54:50 - watchfiles.main - INFO - 3 changes detected
2025-07-18 09:54:51 - watchfiles.main - INFO - 10 changes detected
2025-07-18 09:54:51 - watchfiles.main - INFO - 55 changes detected
2025-07-18 09:54:52 - watchfiles.main - INFO - 56 changes detected
2025-07-18 09:54:53 - watchfiles.main - INFO - 1388 changes detected
2025-07-18 09:54:54 - watchfiles.main - INFO - 59 changes detected
2025-07-18 09:54:54 - watchfiles.main - INFO - 85 changes detected
2025-07-18 09:54:56 - watchfiles.main - INFO - 524 changes detected
2025-07-18 09:54:56 - watchfiles.main - INFO - 1 change detected
2025-07-18 09:54:59 - watchfiles.main - INFO - 1 change detected
2025-07-18 09:54:59 - watchfiles.main - INFO - 2 changes detected
2025-07-18 09:55:00 - watchfiles.main - INFO - 6 changes detected
2025-07-18 09:55:21 - watchfiles.main - INFO - 1 change detected
2025-07-18 09:55:22 - watchfiles.main - INFO - 3 changes detected
2025-07-18 09:55:35 - watchfiles.main - INFO - 1 change detected
2025-07-18 09:55:36 - watchfiles.main - INFO - 3 changes detected
2025-07-18 09:55:46 - watchfiles.main - INFO - 1 change detected
2025-07-18 09:55:47 - watchfiles.main - INFO - 3 changes detected
2025-07-18 09:56:10 - watchfiles.main - INFO - 1 change detected
2025-07-18 09:56:11 - watchfiles.main - INFO - 3 changes detected
2025-07-18 09:56:19 - watchfiles.main - INFO - 1 change detected
2025-07-18 09:56:20 - watchfiles.main - INFO - 3 changes detected
2025-07-18 09:56:27 - watchfiles.main - INFO - 1 change detected
2025-07-18 09:56:27 - watchfiles.main - INFO - 3 changes detected
2025-07-18 09:56:46 - watchfiles.main - INFO - 1 change detected
2025-07-18 09:56:47 - watchfiles.main - INFO - 3 changes detected
2025-07-18 10:01:34 - watchfiles.main - INFO - 1 change detected
2025-07-18 10:01:34 - watchfiles.main - INFO - 1 change detected
2025-07-18 10:01:34 - watchfiles.main - INFO - 1 change detected
2025-07-18 10:01:52 - watchfiles.main - INFO - 1 change detected
2025-07-18 10:02:05 - watchfiles.main - INFO - 1 change detected
2025-07-18 10:04:56 - watchfiles.main - INFO - 1 change detected
2025-07-18 10:05:09 - watchfiles.main - INFO - 1 change detected
2025-07-18 10:05:26 - watchfiles.main - INFO - 1 change detected
2025-07-18 10:06:55 - __main__ - INFO - Starting Data Retention System...
2025-07-18 10:07:01 - watchfiles.main - INFO - 1 change detected
2025-07-18 10:07:02 - watchfiles.main - INFO - 1 change detected
2025-07-18 10:07:02 - watchfiles.main - INFO - 1 change detected
2025-07-18 10:07:05 - watchfiles.main - INFO - 1 change detected
2025-07-18 10:07:06 - watchfiles.main - INFO - 1 change detected
2025-07-18 10:07:09 - watchfiles.main - INFO - 3 changes detected
2025-07-18 10:07:10 - watchfiles.main - INFO - 6 changes detected
2025-07-18 10:07:10 - watchfiles.main - INFO - 2 changes detected
2025-07-18 10:07:22 - api.routes - INFO - Simulation: Started new retention job
2025-07-18 10:07:22 - api.routes - INFO - Simulation: Started new retention job
2025-07-18 10:07:25 - api.routes - INFO - Simulation: Processed 500 logs
2025-07-18 10:07:25 - api.routes - INFO - Simulation: Processed 500 logs
2025-07-18 10:07:27 - api.routes - INFO - Simulation: Freed 75.3 MB of storage
2025-07-18 10:07:27 - api.routes - INFO - Simulation: Freed 75.3 MB of storage
2025-07-18 10:07:30 - api.routes - INFO - Simulation: Completed retention job
2025-07-18 10:07:30 - api.routes - INFO - Simulation: Completed retention job
2025-07-18 10:07:35 - api.routes - INFO - Simulation: Reset to initial state
2025-07-18 10:07:35 - api.routes - INFO - Simulation: Reset to initial state
2025-07-18 10:09:00 - watchfiles.main - INFO - 1 change detected
2025-07-18 10:09:01 - watchfiles.main - INFO - 1 change detected
2025-07-18 10:09:01 - watchfiles.main - INFO - 1 change detected
2025-07-18 10:09:37 - watchfiles.main - INFO - 2 changes detected
2025-07-18 10:09:38 - watchfiles.main - INFO - 1 change detected
2025-07-18 10:09:39 - watchfiles.main - INFO - 1 change detected
2025-07-18 10:09:52 - watchfiles.main - INFO - 1 change detected
2025-07-18 10:09:53 - watchfiles.main - INFO - 3 changes detected
2025-07-18 10:09:59 - watchfiles.main - INFO - 1 change detected
2025-07-18 10:09:59 - watchfiles.main - INFO - 3 changes detected
2025-07-18 10:10:01 - watchfiles.main - INFO - 1 change detected
2025-07-18 10:10:02 - watchfiles.main - INFO - 9 changes detected
2025-07-18 10:10:02 - watchfiles.main - INFO - 2 changes detected
2025-07-18 10:10:18 - watchfiles.main - INFO - 1 change detected
2025-07-18 10:10:19 - watchfiles.main - INFO - 3 changes detected
2025-07-18 10:10:26 - watchfiles.main - INFO - 1 change detected
2025-07-18 10:10:33 - watchfiles.main - INFO - 1 change detected
2025-07-18 10:10:44 - watchfiles.main - INFO - 1 change detected
2025-07-18 10:10:45 - watchfiles.main - INFO - 3 changes detected
2025-07-18 10:11:22 - watchfiles.main - INFO - 1 change detected
2025-07-18 10:11:24 - watchfiles.main - INFO - 1 change detected
2025-07-18 10:11:35 - watchfiles.main - INFO - 1 change detected
2025-07-18 10:11:35 - watchfiles.main - INFO - 1 change detected
2025-07-18 10:11:36 - watchfiles.main - INFO - 2 changes detected
2025-07-18 10:11:41 - watchfiles.main - INFO - 1 change detected
2025-07-18 10:11:42 - watchfiles.main - INFO - 2 changes detected
2025-07-18 10:11:49 - watchfiles.main - INFO - 1 change detected
2025-07-18 10:11:49 - watchfiles.main - INFO - 1 change detected
2025-07-18 10:11:50 - watchfiles.main - INFO - 1 change detected
2025-07-18 10:11:56 - watchfiles.main - INFO - 1 change detected
2025-07-18 10:11:57 - watchfiles.main - INFO - 2 changes detected
2025-07-18 10:12:29 - __main__ - INFO - Starting Data Retention System...
2025-07-18 10:12:29 - watchfiles.main - INFO - 3 changes detected
2025-07-18 10:12:36 - watchfiles.main - INFO - 1 change detected
2025-07-18 10:12:36 - watchfiles.main - INFO - 1 change detected
2025-07-18 10:12:37 - watchfiles.main - INFO - 1 change detected
2025-07-18 10:12:57 - watchfiles.main - INFO - 6 changes detected
2025-07-18 10:12:58 - watchfiles.main - INFO - 1 change detected
2025-07-18 10:12:58 - watchfiles.main - INFO - 14 changes detected
2025-07-18 10:24:46 - __main__ - INFO - Starting Data Retention System...
2025-07-18 10:24:52 - watchfiles.main - INFO - 2 changes detected
2025-07-18 10:24:52 - watchfiles.main - INFO - 1 change detected
2025-07-18 10:24:56 - watchfiles.main - INFO - 4 changes detected
2025-07-18 10:24:57 - watchfiles.main - INFO - 14 changes detected
2025-07-18 10:25:06 - api.routes - INFO - Simulation: Started new retention job
2025-07-18 10:25:06 - api.routes - INFO - Simulation: Started new retention job
2025-07-18 10:25:16 - api.routes - INFO - Simulation: Generated sample logs
2025-07-18 10:25:16 - api.routes - INFO - Simulation: Generated sample logs
2025-07-18 10:25:16 - api.routes - INFO - Simulation: Processed 500 logs
2025-07-18 10:25:16 - api.routes - INFO - Simulation: Processed 500 logs
2025-07-18 10:25:24 - api.routes - INFO - Simulation: Freed 75.3 MB of storage
2025-07-18 10:25:24 - api.routes - INFO - Simulation: Freed 75.3 MB of storage
2025-07-18 10:25:37 - api.routes - INFO - Simulation: Completed retention job
2025-07-18 10:25:37 - api.routes - INFO - Simulation: Completed retention job
2025-07-18 10:26:18 - api.routes - INFO - Simulation: Reset to initial state
2025-07-18 10:26:18 - api.routes - INFO - Simulation: Reset to initial state
2025-07-18 10:28:58 - watchfiles.main - INFO - 1 change detected
2025-07-18 10:29:07 - api.routes - INFO - Generated 50 sample log files
2025-07-18 10:29:07 - api.routes - INFO - Generated 50 sample log files
2025-07-18 10:29:07 - api.routes - INFO - Simulation: Started new retention job
2025-07-18 10:29:07 - api.routes - INFO - Simulation: Started new retention job
2025-07-18 10:29:09 - api.routes - INFO - Simulation: Generated sample logs
2025-07-18 10:29:09 - api.routes - INFO - Simulation: Generated sample logs
2025-07-18 10:29:09 - api.routes - INFO - Simulation: Processed 500 logs
2025-07-18 10:29:09 - api.routes - INFO - Simulation: Processed 500 logs
2025-07-18 10:29:11 - api.routes - INFO - Simulation: Freed 75.3 MB of storage
2025-07-18 10:29:11 - api.routes - INFO - Simulation: Freed 75.3 MB of storage
2025-07-18 10:29:13 - api.routes - INFO - Simulation: Completed retention job
2025-07-18 10:29:13 - api.routes - INFO - Simulation: Completed retention job
2025-07-18 10:29:13 - api.routes - INFO - Cleanup completed: 0 files deleted, 0.00 MB freed
2025-07-18 10:29:13 - api.routes - INFO - Cleanup completed: 0 files deleted, 0.00 MB freed
2025-07-18 10:29:13 - api.routes - INFO - Simulation: Reset to initial state
2025-07-18 10:29:13 - api.routes - INFO - Simulation: Reset to initial state
2025-07-18 10:29:50 - api.routes - INFO - Generated 50 sample log files
2025-07-18 10:29:50 - api.routes - INFO - Generated 50 sample log files
2025-07-18 10:29:50 - api.routes - INFO - Simulation: Started new retention job
2025-07-18 10:29:50 - api.routes - INFO - Simulation: Started new retention job
2025-07-18 10:29:52 - api.routes - INFO - Simulation: Generated sample logs
2025-07-18 10:29:52 - api.routes - INFO - Simulation: Generated sample logs
2025-07-18 10:29:52 - api.routes - INFO - Simulation: Processed 500 logs
2025-07-18 10:29:52 - api.routes - INFO - Simulation: Processed 500 logs
2025-07-18 10:29:54 - api.routes - INFO - Simulation: Freed 75.3 MB of storage
2025-07-18 10:29:54 - api.routes - INFO - Simulation: Freed 75.3 MB of storage
2025-07-18 10:29:56 - api.routes - INFO - Simulation: Completed retention job
2025-07-18 10:29:56 - api.routes - INFO - Simulation: Completed retention job
2025-07-18 10:29:57 - api.routes - INFO - Cleanup completed: 0 files deleted, 0.00 MB freed
2025-07-18 10:29:57 - api.routes - INFO - Cleanup completed: 0 files deleted, 0.00 MB freed
2025-07-18 10:29:57 - api.routes - INFO - Simulation: Reset to initial state
2025-07-18 10:29:57 - api.routes - INFO - Simulation: Reset to initial state
2025-07-18 10:35:55 - api.routes - INFO - Simulation: Started new retention job
2025-07-18 10:35:55 - api.routes - INFO - Simulation: Started new retention job
2025-07-18 10:36:03 - api.routes - INFO - Simulation: Generated sample logs
2025-07-18 10:36:03 - api.routes - INFO - Simulation: Generated sample logs
2025-07-18 10:36:03 - api.routes - INFO - Simulation: Processed 500 logs
2025-07-18 10:36:03 - api.routes - INFO - Simulation: Processed 500 logs
2025-07-18 10:36:13 - api.routes - INFO - Simulation: Freed 75.3 MB of storage
2025-07-18 10:36:13 - api.routes - INFO - Simulation: Freed 75.3 MB of storage
2025-07-18 10:36:28 - api.routes - INFO - Simulation: Completed retention job
2025-07-18 10:36:28 - api.routes - INFO - Simulation: Completed retention job
2025-07-18 10:36:46 - api.routes - INFO - Simulation: Started new retention job
2025-07-18 10:36:46 - api.routes - INFO - Simulation: Started new retention job
2025-07-18 10:37:06 - watchfiles.main - INFO - 1 change detected
2025-07-18 10:37:08 - watchfiles.main - INFO - 1 change detected
2025-07-18 10:37:08 - watchfiles.main - INFO - 1 change detected
2025-07-18 10:37:13 - watchfiles.main - INFO - 1 change detected
2025-07-18 10:37:21 - watchfiles.main - INFO - 1 change detected
2025-07-18 10:37:33 - watchfiles.main - INFO - 1 change detected
2025-07-18 10:37:42 - watchfiles.main - INFO - 1 change detected
2025-07-18 10:37:51 - watchfiles.main - INFO - 1 change detected
2025-07-18 10:38:00 - watchfiles.main - INFO - 1 change detected
2025-07-18 10:38:37 - __main__ - INFO - Starting Data Retention System...
2025-07-18 10:38:43 - watchfiles.main - INFO - 1 change detected
2025-07-18 10:38:44 - watchfiles.main - INFO - 1 change detected
2025-07-18 10:38:44 - watchfiles.main - INFO - 1 change detected
2025-07-18 10:38:49 - watchfiles.main - INFO - 1 change detected
2025-07-18 10:38:49 - watchfiles.main - INFO - 1 change detected
2025-07-18 10:38:51 - watchfiles.main - INFO - 4 changes detected
2025-07-18 10:38:52 - watchfiles.main - INFO - 14 changes detected
2025-07-18 10:38:59 - api.routes - INFO - Simulation: Started new retention job
2025-07-18 10:38:59 - api.routes - INFO - Simulation: Started new retention job
2025-07-18 10:39:09 - api.routes - INFO - Simulation: Generated sample logs
2025-07-18 10:39:09 - api.routes - INFO - Simulation: Generated sample logs
2025-07-18 10:39:09 - api.routes - INFO - Simulation: Processed 500 logs
2025-07-18 10:39:09 - api.routes - INFO - Simulation: Processed 500 logs
2025-07-18 10:39:35 - api.routes - INFO - Simulation: Freed 75.3 MB of storage
2025-07-18 10:39:35 - api.routes - INFO - Simulation: Freed 75.3 MB of storage
2025-07-18 10:39:45 - api.routes - INFO - Simulation: Completed retention job
2025-07-18 10:39:45 - api.routes - INFO - Simulation: Completed retention job
2025-07-18 10:39:54 - api.routes - INFO - Simulation: Started new retention job
2025-07-18 10:39:54 - api.routes - INFO - Simulation: Started new retention job
2025-07-18 10:40:31 - watchfiles.main - INFO - 1 change detected
2025-07-18 10:40:31 - watchfiles.main - INFO - 1 change detected
2025-07-18 10:40:38 - __main__ - INFO - Starting Data Retention System...
2025-07-18 10:40:44 - watchfiles.main - INFO - 1 change detected
2025-07-18 10:40:45 - watchfiles.main - INFO - 1 change detected
2025-07-18 10:40:45 - watchfiles.main - INFO - 1 change detected
2025-07-18 10:41:21 - watchfiles.main - INFO - 1 change detected
2025-07-18 10:41:21 - watchfiles.main - INFO - 1 change detected
2025-07-18 10:41:22 - watchfiles.main - INFO - 1 change detected
2025-07-18 10:41:32 - watchfiles.main - INFO - 1 change detected
2025-07-18 10:41:32 - watchfiles.main - INFO - 2 changes detected
2025-07-18 10:41:45 - watchfiles.main - INFO - 1 change detected
2025-07-18 10:41:46 - watchfiles.main - INFO - 1 change detected
2025-07-18 10:41:46 - watchfiles.main - INFO - 1 change detected
2025-07-18 10:41:47 - watchfiles.main - INFO - 2 changes detected
2025-07-18 10:41:49 - watchfiles.main - INFO - 14 changes detected
2025-07-18 10:41:49 - watchfiles.main - INFO - 3 changes detected
2025-07-18 10:41:58 - watchfiles.main - INFO - 1 change detected
2025-07-18 10:41:58 - watchfiles.main - INFO - 1 change detected
2025-07-18 10:41:59 - watchfiles.main - INFO - 1 change detected
2025-07-18 10:42:13 - watchfiles.main - INFO - 1 change detected
2025-07-18 10:42:14 - watchfiles.main - INFO - 1 change detected
2025-07-18 10:42:15 - watchfiles.main - INFO - 1 change detected
2025-07-18 10:42:21 - watchfiles.main - INFO - 1 change detected
2025-07-18 10:42:21 - watchfiles.main - INFO - 1 change detected
2025-07-18 10:42:22 - watchfiles.main - INFO - 1 change detected
2025-07-18 10:42:32 - watchfiles.main - INFO - 1 change detected
2025-07-18 10:42:32 - watchfiles.main - INFO - 2 changes detected
2025-07-18 10:43:04 - watchfiles.main - INFO - 1 change detected
2025-07-18 10:43:05 - watchfiles.main - INFO - 1 change detected
2025-07-18 10:43:05 - watchfiles.main - INFO - 1 change detected
2025-07-18 10:43:06 - watchfiles.main - INFO - 2 changes detected
2025-07-18 10:43:07 - watchfiles.main - INFO - 14 changes detected
2025-07-18 10:43:10 - watchfiles.main - INFO - 1 change detected
2025-07-18 10:43:11 - watchfiles.main - INFO - 1 change detected
2025-07-18 10:43:12 - watchfiles.main - INFO - 1 change detected
2025-07-18 10:43:16 - watchfiles.main - INFO - 1 change detected
2025-07-18 10:43:16 - watchfiles.main - INFO - 2 changes detected
2025-07-18 10:43:22 - watchfiles.main - INFO - 1 change detected
2025-07-18 10:43:22 - watchfiles.main - INFO - 1 change detected
2025-07-18 10:43:22 - watchfiles.main - INFO - 1 change detected
2025-07-18 10:43:27 - watchfiles.main - INFO - 1 change detected
2025-07-18 10:43:27 - watchfiles.main - INFO - 2 changes detected
2025-07-18 10:43:46 - api.routes - INFO - Simulation: Started new retention job
2025-07-18 10:43:46 - api.routes - INFO - Simulation: Started new retention job
2025-07-18 10:43:54 - api.routes - INFO - Simulation: Generated sample logs
2025-07-18 10:43:54 - api.routes - INFO - Simulation: Generated sample logs
2025-07-18 10:43:54 - api.routes - INFO - Simulation: Processed 500 logs
2025-07-18 10:43:54 - api.routes - INFO - Simulation: Processed 500 logs
2025-07-18 10:44:01 - api.routes - INFO - Simulation: Freed 75.3 MB of storage
2025-07-18 10:44:01 - api.routes - INFO - Simulation: Freed 75.3 MB of storage
2025-07-18 10:44:08 - api.routes - INFO - Simulation: Completed retention job
2025-07-18 10:44:08 - api.routes - INFO - Simulation: Completed retention job
2025-07-18 10:44:28 - watchfiles.main - INFO - 2 changes detected
2025-07-18 10:44:29 - watchfiles.main - INFO - 1 change detected
2025-07-18 10:44:30 - watchfiles.main - INFO - 15 changes detected
2025-07-18 10:44:30 - watchfiles.main - INFO - 3 changes detected
2025-07-18 10:51:54 - __main__ - INFO - Starting Data Retention System...
2025-07-18 10:52:00 - watchfiles.main - INFO - 1 change detected
2025-07-18 10:52:01 - watchfiles.main - INFO - 1 change detected
2025-07-18 10:52:01 - watchfiles.main - INFO - 1 change detected
2025-07-18 10:52:06 - watchfiles.main - INFO - 1 change detected
2025-07-18 10:52:09 - watchfiles.main - INFO - 2 changes detected
2025-07-18 10:52:10 - watchfiles.main - INFO - 7 changes detected
2025-07-18 10:52:35 - api.routes - INFO - Generated 100 sample log files
2025-07-18 10:52:35 - api.routes - INFO - Generated 100 sample log files
2025-07-18 10:52:47 - api.routes - INFO - Simulation: Started new retention job
2025-07-18 10:52:47 - api.routes - INFO - Simulation: Started new retention job
2025-07-18 10:52:48 - api.routes - INFO - Simulation: Generated sample logs
2025-07-18 10:52:48 - api.routes - INFO - Simulation: Generated sample logs
2025-07-18 10:52:48 - api.routes - INFO - Simulation: Processed 500 logs
2025-07-18 10:52:48 - api.routes - INFO - Simulation: Processed 500 logs
2025-07-18 10:52:50 - api.routes - INFO - Simulation: Freed 75.3 MB of storage
2025-07-18 10:52:50 - api.routes - INFO - Simulation: Freed 75.3 MB of storage
2025-07-18 10:52:51 - api.routes - INFO - Simulation: Completed retention job
2025-07-18 10:52:51 - api.routes - INFO - Simulation: Completed retention job
2025-07-18 11:18:01 - watchfiles.main - INFO - 1 change detected
2025-07-18 11:18:16 - watchfiles.main - INFO - 1 change detected
2025-07-18 11:18:23 - watchfiles.main - INFO - 1 change detected
2025-07-18 11:18:35 - __main__ - INFO - Starting Data Retention System...
2025-07-18 11:19:40 - __main__ - INFO - Starting Data Retention System...
2025-07-18 11:19:45 - watchfiles.main - INFO - 1 change detected
2025-07-18 11:20:41 - api.routes - INFO - Simulation: Started new retention job
2025-07-18 11:20:41 - api.routes - INFO - Simulation: Started new retention job
2025-07-18 11:20:42 - api.routes - INFO - Simulation: Generated sample logs
2025-07-18 11:20:42 - api.routes - INFO - Simulation: Generated sample logs
2025-07-18 11:20:42 - api.routes - INFO - Simulation: Processed 500 logs
2025-07-18 11:20:42 - api.routes - INFO - Simulation: Processed 500 logs
2025-07-18 11:20:43 - api.routes - INFO - Simulation: Freed 75.3 MB of storage
2025-07-18 11:20:43 - api.routes - INFO - Simulation: Freed 75.3 MB of storage
2025-07-18 11:20:44 - api.routes - INFO - Simulation: Completed retention job
2025-07-18 11:20:44 - api.routes - INFO - Simulation: Completed retention job
2025-07-18 11:21:19 - watchfiles.main - INFO - 7131 changes detected
2025-07-18 11:21:20 - watchfiles.main - INFO - 1 change detected
