INFO:     Will watch for changes in these directories: ['/Users/sumedhshende/sysd/course/72/day72-adaptive-batching/backend']
INFO:     Uvicorn running on http://0.0.0.0:8000 (Press CTRL+C to quit)
INFO:     Started reloader process [4525] using StatReload
INFO:     Started server process [4529]
INFO:     Waiting for application startup.
INFO:adaptive_batching.adaptive_batcher:Starting adaptive batching system
INFO:adaptive_batching.adaptive_batcher:All background tasks started
INFO:monitoring.performance_monitor:Starting performance monitor
INFO:     Application startup complete.
INFO:     127.0.0.1:50575 - "WebSocket /ws/metrics" [accepted]
INFO:     connection open
INFO:adaptive_batching.adaptive_batcher:Started load simulation: {'messages_per_second': 100, 'burst_probability': 0.1, 'burst_multiplier': 5}
[0;34m[INFO][0m Starting Adaptive Batching System...
[0;32m[SUCCESS][0m System initialized successfully
INFO:     127.0.0.1:0 - "POST /api/simulate-load HTTP/1.1" 200 OK
INFO:adaptive_batching.adaptive_batcher:Batch size adjusted: 100 → 100 (throughput: 5068.3 msg/s)
INFO:adaptive_batching.adaptive_batcher:Batch size adjusted: 100 → 100 (throughput: 5060.6 msg/s)
INFO:adaptive_batching.adaptive_batcher:Batch size adjusted: 100 → 100 (throughput: 5987.7 msg/s)
INFO:adaptive_batching.adaptive_batcher:Batch size adjusted: 100 → 100 (throughput: 5393.2 msg/s)
INFO:adaptive_batching.adaptive_batcher:Batch size adjusted: 100 → 100 (throughput: 4419.9 msg/s)
INFO:adaptive_batching.adaptive_batcher:Batch size adjusted: 100 → 100 (throughput: 5145.7 msg/s)
INFO:adaptive_batching.adaptive_batcher:Batch size adjusted: 100 → 100 (throughput: 6046.2 msg/s)
INFO:adaptive_batching.adaptive_batcher:Batch size adjusted: 100 → 100 (throughput: 5832.6 msg/s)
INFO:adaptive_batching.adaptive_batcher:Batch size adjusted: 100 → 100 (throughput: 5342.0 msg/s)
INFO:adaptive_batching.adaptive_batcher:Batch size adjusted: 100 → 100 (throughput: 6058.7 msg/s)
INFO:adaptive_batching.adaptive_batcher:Batch size adjusted: 100 → 100 (throughput: 6263.6 msg/s)
INFO:adaptive_batching.adaptive_batcher:Batch size adjusted: 100 → 100 (throughput: 4260.9 msg/s)
INFO:adaptive_batching.adaptive_batcher:Batch size adjusted: 100 → 100 (throughput: 3751.6 msg/s)
INFO:adaptive_batching.adaptive_batcher:Batch size adjusted: 100 → 100 (throughput: 4407.9 msg/s)
INFO:adaptive_batching.adaptive_batcher:Batch size adjusted: 100 → 100 (throughput: 4888.3 msg/s)
INFO:adaptive_batching.adaptive_batcher:Batch size adjusted: 100 → 100 (throughput: 4603.9 msg/s)
INFO:adaptive_batching.adaptive_batcher:Batch size adjusted: 100 → 100 (throughput: 4757.4 msg/s)
INFO:adaptive_batching.adaptive_batcher:Batch size adjusted: 100 → 100 (throughput: 4513.1 msg/s)
INFO:adaptive_batching.adaptive_batcher:Batch size adjusted: 100 → 100 (throughput: 5023.8 msg/s)
INFO:adaptive_batching.adaptive_batcher:Batch size adjusted: 100 → 100 (throughput: 5549.7 msg/s)
INFO:adaptive_batching.adaptive_batcher:Batch size adjusted: 100 → 100 (throughput: 6117.5 msg/s)
INFO:adaptive_batching.adaptive_batcher:Batch size adjusted: 100 → 100 (throughput: 5854.0 msg/s)
INFO:adaptive_batching.adaptive_batcher:Batch size adjusted: 100 → 100 (throughput: 4837.3 msg/s)
INFO:adaptive_batching.adaptive_batcher:Batch size adjusted: 100 → 100 (throughput: 5443.4 msg/s)
INFO:adaptive_batching.adaptive_batcher:Batch size adjusted: 100 → 100 (throughput: 5171.4 msg/s)
INFO:adaptive_batching.adaptive_batcher:Batch size adjusted: 100 → 100 (throughput: 5978.6 msg/s)
INFO:adaptive_batching.adaptive_batcher:Batch size adjusted: 100 → 100 (throughput: 4431.0 msg/s)
INFO:adaptive_batching.adaptive_batcher:Batch size adjusted: 100 → 100 (throughput: 5349.5 msg/s)
INFO:adaptive_batching.adaptive_batcher:Batch size adjusted: 100 → 100 (throughput: 5865.0 msg/s)
INFO:adaptive_batching.adaptive_batcher:Batch size adjusted: 100 → 100 (throughput: 4738.7 msg/s)
INFO:adaptive_batching.adaptive_batcher:Batch size adjusted: 100 → 100 (throughput: 5866.0 msg/s)
INFO:adaptive_batching.adaptive_batcher:Batch size adjusted: 100 → 100 (throughput: 5461.5 msg/s)
INFO:adaptive_batching.adaptive_batcher:Batch size adjusted: 100 → 100 (throughput: 5141.0 msg/s)
INFO:adaptive_batching.adaptive_batcher:Batch size adjusted: 100 → 100 (throughput: 4539.7 msg/s)
INFO:adaptive_batching.adaptive_batcher:Batch size adjusted: 100 → 100 (throughput: 4689.6 msg/s)
INFO:adaptive_batching.adaptive_batcher:Batch size adjusted: 100 → 100 (throughput: 4584.1 msg/s)
INFO:adaptive_batching.adaptive_batcher:Batch size adjusted: 100 → 100 (throughput: 5679.1 msg/s)
INFO:adaptive_batching.adaptive_batcher:Batch size adjusted: 100 → 100 (throughput: 5701.1 msg/s)
INFO:adaptive_batching.adaptive_batcher:Batch size adjusted: 100 → 100 (throughput: 5926.6 msg/s)
INFO:adaptive_batching.adaptive_batcher:Batch size adjusted: 100 → 100 (throughput: 4615.4 msg/s)
INFO:adaptive_batching.adaptive_batcher:Batch size adjusted: 100 → 100 (throughput: 4255.3 msg/s)
INFO:adaptive_batching.adaptive_batcher:Batch size adjusted: 100 → 100 (throughput: 5008.8 msg/s)
INFO:adaptive_batching.adaptive_batcher:Batch size adjusted: 100 → 100 (throughput: 4189.3 msg/s)
INFO:adaptive_batching.adaptive_batcher:Batch size adjusted: 100 → 100 (throughput: 4279.6 msg/s)
INFO:adaptive_batching.adaptive_batcher:Batch size adjusted: 100 → 100 (throughput: 5100.4 msg/s)
INFO:adaptive_batching.adaptive_batcher:Started load simulation: {'messages_per_second': 0}
INFO:     127.0.0.1:0 - "POST /api/simulate-load HTTP/1.1" 200 OK
INFO:adaptive_batching.adaptive_batcher:Batch size adjusted: 100 → 100 (throughput: 4296.2 msg/s)
INFO:adaptive_batching.adaptive_batcher:Batch size adjusted: 100 → 100 (throughput: 4058.6 msg/s)
INFO:adaptive_batching.adaptive_batcher:Batch size adjusted: 100 → 100 (throughput: 4058.6 msg/s)
INFO:adaptive_batching.adaptive_batcher:Batch size adjusted: 100 → 100 (throughput: 4258.4 msg/s)
INFO:adaptive_batching.adaptive_batcher:Batch size adjusted: 100 → 100 (throughput: 4258.4 msg/s)
INFO:adaptive_batching.adaptive_batcher:Batch size adjusted: 100 → 100 (throughput: 4099.6 msg/s)
INFO:adaptive_batching.adaptive_batcher:Batch size adjusted: 100 → 100 (throughput: 4099.6 msg/s)
INFO:adaptive_batching.adaptive_batcher:Batch size adjusted: 100 → 100 (throughput: 4963.0 msg/s)
INFO:adaptive_batching.adaptive_batcher:Batch size adjusted: 100 → 100 (throughput: 4963.0 msg/s)
INFO:adaptive_batching.adaptive_batcher:Batch size adjusted: 100 → 100 (throughput: 4290.2 msg/s)
INFO:adaptive_batching.adaptive_batcher:Batch size adjusted: 100 → 100 (throughput: 4290.2 msg/s)
INFO:adaptive_batching.adaptive_batcher:Batch size adjusted: 100 → 100 (throughput: 5313.8 msg/s)
INFO:adaptive_batching.adaptive_batcher:Batch size adjusted: 100 → 100 (throughput: 5313.8 msg/s)
INFO:adaptive_batching.adaptive_batcher:Batch size adjusted: 100 → 100 (throughput: 5314.0 msg/s)
INFO:adaptive_batching.adaptive_batcher:Batch size adjusted: 100 → 100 (throughput: 5314.0 msg/s)
INFO:adaptive_batching.adaptive_batcher:Batch size adjusted: 100 → 100 (throughput: 4434.6 msg/s)
INFO:adaptive_batching.adaptive_batcher:Batch size adjusted: 100 → 100 (throughput: 4434.6 msg/s)
INFO:adaptive_batching.adaptive_batcher:Batch size adjusted: 100 → 100 (throughput: 4917.6 msg/s)
INFO:adaptive_batching.adaptive_batcher:Batch size adjusted: 100 → 100 (throughput: 4917.6 msg/s)
INFO:adaptive_batching.adaptive_batcher:Batch size adjusted: 100 → 100 (throughput: 4590.2 msg/s)
INFO:adaptive_batching.adaptive_batcher:Batch size adjusted: 100 → 100 (throughput: 4590.2 msg/s)
INFO:adaptive_batching.adaptive_batcher:Batch size adjusted: 100 → 100 (throughput: 4241.0 msg/s)
INFO:adaptive_batching.adaptive_batcher:Batch size adjusted: 100 → 100 (throughput: 4241.0 msg/s)
INFO:adaptive_batching.adaptive_batcher:Batch size adjusted: 100 → 100 (throughput: 5651.9 msg/s)
INFO:adaptive_batching.adaptive_batcher:Batch size adjusted: 100 → 100 (throughput: 5651.9 msg/s)
INFO:adaptive_batching.adaptive_batcher:Batch size adjusted: 100 → 100 (throughput: 4547.1 msg/s)
INFO:adaptive_batching.adaptive_batcher:Batch size adjusted: 100 → 100 (throughput: 4547.1 msg/s)
INFO:adaptive_batching.adaptive_batcher:Batch size adjusted: 100 → 100 (throughput: 4183.7 msg/s)
INFO:adaptive_batching.adaptive_batcher:Batch size adjusted: 100 → 100 (throughput: 4183.7 msg/s)
INFO:adaptive_batching.adaptive_batcher:Batch size adjusted: 100 → 100 (throughput: 4062.9 msg/s)
INFO:adaptive_batching.adaptive_batcher:Batch size adjusted: 100 → 70 (throughput: 4062.9 msg/s)
INFO:adaptive_batching.adaptive_batcher:Batch size adjusted: 70 → 70 (throughput: 4342.8 msg/s)
INFO:adaptive_batching.adaptive_batcher:Batch size adjusted: 70 → 70 (throughput: 4326.8 msg/s)
INFO:adaptive_batching.adaptive_batcher:Batch size adjusted: 70 → 70 (throughput: 4326.8 msg/s)
INFO:adaptive_batching.adaptive_batcher:Batch size adjusted: 70 → 70 (throughput: 3703.1 msg/s)
INFO:adaptive_batching.adaptive_batcher:Batch size adjusted: 70 → 70 (throughput: 4367.4 msg/s)
INFO:adaptive_batching.adaptive_batcher:Batch size adjusted: 70 → 70 (throughput: 3457.6 msg/s)
INFO:adaptive_batching.adaptive_batcher:Batch size adjusted: 70 → 70 (throughput: 3457.6 msg/s)
INFO:adaptive_batching.adaptive_batcher:Batch size adjusted: 70 → 70 (throughput: 3652.5 msg/s)
INFO:adaptive_batching.adaptive_batcher:Batch size adjusted: 70 → 70 (throughput: 3772.2 msg/s)
INFO:adaptive_batching.adaptive_batcher:Batch size adjusted: 70 → 70 (throughput: 3772.2 msg/s)
INFO:adaptive_batching.adaptive_batcher:Batch size adjusted: 70 → 70 (throughput: 3543.3 msg/s)
INFO:adaptive_batching.adaptive_batcher:Batch size adjusted: 70 → 70 (throughput: 3590.0 msg/s)
INFO:adaptive_batching.adaptive_batcher:Batch size adjusted: 70 → 70 (throughput: 4433.2 msg/s)
INFO:adaptive_batching.adaptive_batcher:Batch size adjusted: 70 → 70 (throughput: 4433.2 msg/s)
INFO:adaptive_batching.adaptive_batcher:Batch size adjusted: 70 → 70 (throughput: 3387.2 msg/s)
INFO:adaptive_batching.adaptive_batcher:Batch size adjusted: 70 → 100 (throughput: 3527.5 msg/s)
INFO:adaptive_batching.adaptive_batcher:Batch size adjusted: 100 → 70 (throughput: 3527.5 msg/s)
INFO:     connection closed
ERROR:src.main:WebSocket error: 
ERROR:    Exception in ASGI application
Traceback (most recent call last):
  File "/Users/sumedhshende/sysd/course/72/day72-adaptive-batching/backend/venv/lib/python3.13/site-packages/uvicorn/protocols/websockets/websockets_impl.py", line 244, in run_asgi
    result = await self.app(self.scope, self.asgi_receive, self.asgi_send)  # type: ignore[func-returns-value]
             ^^^^^^^^^^^^^^^^^^^^^^^^^^^^^^^^^^^^^^^^^^^^^^^^^^^^^^^^^^^^^
  File "/Users/sumedhshende/sysd/course/72/day72-adaptive-batching/backend/venv/lib/python3.13/site-packages/uvicorn/middleware/proxy_headers.py", line 60, in __call__
    return await self.app(scope, receive, send)
           ^^^^^^^^^^^^^^^^^^^^^^^^^^^^^^^^^^^^
  File "/Users/sumedhshende/sysd/course/72/day72-adaptive-batching/backend/venv/lib/python3.13/site-packages/fastapi/applications.py", line 1054, in __call__
    await super().__call__(scope, receive, send)
  File "/Users/sumedhshende/sysd/course/72/day72-adaptive-batching/backend/venv/lib/python3.13/site-packages/starlette/applications.py", line 113, in __call__
    await self.middleware_stack(scope, receive, send)
  File "/Users/sumedhshende/sysd/course/72/day72-adaptive-batching/backend/venv/lib/python3.13/site-packages/starlette/middleware/errors.py", line 151, in __call__
    await self.app(scope, receive, send)
  File "/Users/sumedhshende/sysd/course/72/day72-adaptive-batching/backend/venv/lib/python3.13/site-packages/starlette/middleware/cors.py", line 77, in __call__
    await self.app(scope, receive, send)
  File "/Users/sumedhshende/sysd/course/72/day72-adaptive-batching/backend/venv/lib/python3.13/site-packages/starlette/middleware/exceptions.py", line 63, in __call__
    await wrap_app_handling_exceptions(self.app, conn)(scope, receive, send)
  File "/Users/sumedhshende/sysd/course/72/day72-adaptive-batching/backend/venv/lib/python3.13/site-packages/starlette/_exception_handler.py", line 53, in wrapped_app
    raise exc
  File "/Users/sumedhshende/sysd/course/72/day72-adaptive-batching/backend/venv/lib/python3.13/site-packages/starlette/_exception_handler.py", line 42, in wrapped_app
    await app(scope, receive, sender)
  File "/Users/sumedhshende/sysd/course/72/day72-adaptive-batching/backend/venv/lib/python3.13/site-packages/starlette/routing.py", line 716, in __call__
    await self.middleware_stack(scope, receive, send)
  File "/Users/sumedhshende/sysd/course/72/day72-adaptive-batching/backend/venv/lib/python3.13/site-packages/starlette/routing.py", line 736, in app
    await route.handle(scope, receive, send)
  File "/Users/sumedhshende/sysd/course/72/day72-adaptive-batching/backend/venv/lib/python3.13/site-packages/starlette/routing.py", line 364, in handle
    await self.app(scope, receive, send)
  File "/Users/sumedhshende/sysd/course/72/day72-adaptive-batching/backend/venv/lib/python3.13/site-packages/starlette/routing.py", line 97, in app
    await wrap_app_handling_exceptions(app, session)(scope, receive, send)
  File "/Users/sumedhshende/sysd/course/72/day72-adaptive-batching/backend/venv/lib/python3.13/site-packages/starlette/_exception_handler.py", line 53, in wrapped_app
    raise exc
  File "/Users/sumedhshende/sysd/course/72/day72-adaptive-batching/backend/venv/lib/python3.13/site-packages/starlette/_exception_handler.py", line 42, in wrapped_app
    await app(scope, receive, sender)
  File "/Users/sumedhshende/sysd/course/72/day72-adaptive-batching/backend/venv/lib/python3.13/site-packages/starlette/routing.py", line 95, in app
    await func(session)
  File "/Users/sumedhshende/sysd/course/72/day72-adaptive-batching/backend/venv/lib/python3.13/site-packages/fastapi/routing.py", line 384, in app
    await dependant.call(**solved_result.values)
  File "/Users/sumedhshende/sysd/course/72/day72-adaptive-batching/backend/src/main.py", line 114, in websocket_metrics
    await websocket.close()
  File "/Users/sumedhshende/sysd/course/72/day72-adaptive-batching/backend/venv/lib/python3.13/site-packages/starlette/websockets.py", line 181, in close
    await self.send({"type": "websocket.close", "code": code, "reason": reason or ""})
  File "/Users/sumedhshende/sysd/course/72/day72-adaptive-batching/backend/venv/lib/python3.13/site-packages/starlette/websockets.py", line 98, in send
    raise RuntimeError('Cannot call "send" once a close message has been sent.')
RuntimeError: Cannot call "send" once a close message has been sent.
INFO:adaptive_batching.adaptive_batcher:Batch size adjusted: 70 → 100 (throughput: 4521.7 msg/s)
INFO:adaptive_batching.adaptive_batcher:Batch size adjusted: 100 → 100 (throughput: 4521.7 msg/s)
INFO:adaptive_batching.adaptive_batcher:Batch size adjusted: 100 → 100 (throughput: 4024.2 msg/s)
INFO:adaptive_batching.adaptive_batcher:Batch size adjusted: 100 → 100 (throughput: 4024.2 msg/s)
INFO:adaptive_batching.adaptive_batcher:Batch size adjusted: 100 → 100 (throughput: 4527.3 msg/s)
INFO:adaptive_batching.adaptive_batcher:Batch size adjusted: 100 → 100 (throughput: 4527.3 msg/s)
INFO:adaptive_batching.adaptive_batcher:Batch size adjusted: 100 → 100 (throughput: 5479.2 msg/s)
INFO:adaptive_batching.adaptive_batcher:Batch size adjusted: 100 → 100 (throughput: 5479.2 msg/s)
INFO:adaptive_batching.adaptive_batcher:Batch size adjusted: 100 → 100 (throughput: 4789.3 msg/s)
INFO:adaptive_batching.adaptive_batcher:Batch size adjusted: 100 → 100 (throughput: 4789.3 msg/s)
INFO:adaptive_batching.adaptive_batcher:Batch size adjusted: 100 → 100 (throughput: 5427.4 msg/s)
INFO:adaptive_batching.adaptive_batcher:Batch size adjusted: 100 → 100 (throughput: 5427.4 msg/s)
INFO:adaptive_batching.adaptive_batcher:Batch size adjusted: 100 → 100 (throughput: 5464.5 msg/s)
INFO:adaptive_batching.adaptive_batcher:Batch size adjusted: 100 → 100 (throughput: 5464.5 msg/s)
INFO:adaptive_batching.adaptive_batcher:Batch size adjusted: 100 → 100 (throughput: 5866.2 msg/s)
INFO:adaptive_batching.adaptive_batcher:Batch size adjusted: 100 → 100 (throughput: 5866.2 msg/s)
INFO:adaptive_batching.adaptive_batcher:Batch size adjusted: 100 → 100 (throughput: 5438.6 msg/s)
INFO:adaptive_batching.adaptive_batcher:Batch size adjusted: 100 → 100 (throughput: 5438.6 msg/s)
ERROR:adaptive_batching.adaptive_batcher:Error processing batch: Simulated processing error
INFO:adaptive_batching.adaptive_batcher:Batch size adjusted: 100 → 100 (throughput: 5438.6 msg/s)
INFO:adaptive_batching.adaptive_batcher:Batch size adjusted: 100 → 100 (throughput: 5438.6 msg/s)
INFO:adaptive_batching.adaptive_batcher:Batch size adjusted: 100 → 100 (throughput: 4650.7 msg/s)
INFO:adaptive_batching.adaptive_batcher:Batch size adjusted: 100 → 100 (throughput: 4650.7 msg/s)
INFO:adaptive_batching.adaptive_batcher:Batch size adjusted: 100 → 100 (throughput: 5456.7 msg/s)
INFO:adaptive_batching.adaptive_batcher:Batch size adjusted: 100 → 100 (throughput: 5456.7 msg/s)
INFO:adaptive_batching.adaptive_batcher:Batch size adjusted: 100 → 100 (throughput: 5716.6 msg/s)
INFO:adaptive_batching.adaptive_batcher:Batch size adjusted: 100 → 100 (throughput: 5716.6 msg/s)
INFO:adaptive_batching.adaptive_batcher:Batch size adjusted: 100 → 100 (throughput: 5208.8 msg/s)
INFO:adaptive_batching.adaptive_batcher:Batch size adjusted: 100 → 100 (throughput: 5208.8 msg/s)
INFO:adaptive_batching.adaptive_batcher:Batch size adjusted: 100 → 100 (throughput: 4390.0 msg/s)
INFO:adaptive_batching.adaptive_batcher:Batch size adjusted: 100 → 100 (throughput: 4390.0 msg/s)
INFO:adaptive_batching.adaptive_batcher:Batch size adjusted: 100 → 100 (throughput: 4686.5 msg/s)
INFO:adaptive_batching.adaptive_batcher:Batch size adjusted: 100 → 100 (throughput: 4686.5 msg/s)
ERROR:adaptive_batching.adaptive_batcher:Error processing batch: Simulated processing error
INFO:adaptive_batching.adaptive_batcher:Batch size adjusted: 100 → 100 (throughput: 4686.5 msg/s)
INFO:adaptive_batching.adaptive_batcher:Batch size adjusted: 100 → 100 (throughput: 4686.5 msg/s)
INFO:adaptive_batching.adaptive_batcher:Batch size adjusted: 100 → 100 (throughput: 4757.9 msg/s)
INFO:adaptive_batching.adaptive_batcher:Batch size adjusted: 100 → 100 (throughput: 4757.9 msg/s)
INFO:adaptive_batching.adaptive_batcher:Batch size adjusted: 100 → 100 (throughput: 3999.2 msg/s)
INFO:adaptive_batching.adaptive_batcher:Batch size adjusted: 100 → 100 (throughput: 3999.2 msg/s)
INFO:adaptive_batching.adaptive_batcher:Batch size adjusted: 100 → 100 (throughput: 5775.4 msg/s)
INFO:adaptive_batching.adaptive_batcher:Batch size adjusted: 100 → 100 (throughput: 5775.4 msg/s)
INFO:adaptive_batching.adaptive_batcher:Batch size adjusted: 100 → 100 (throughput: 5450.5 msg/s)
INFO:adaptive_batching.adaptive_batcher:Batch size adjusted: 100 → 70 (throughput: 5450.5 msg/s)
INFO:adaptive_batching.adaptive_batcher:Batch size adjusted: 70 → 100 (throughput: 3945.9 msg/s)
INFO:adaptive_batching.adaptive_batcher:Batch size adjusted: 100 → 70 (throughput: 3945.9 msg/s)
INFO:adaptive_batching.adaptive_batcher:Batch size adjusted: 70 → 70 (throughput: 4801.3 msg/s)
INFO:adaptive_batching.adaptive_batcher:Batch size adjusted: 70 → 70 (throughput: 3307.7 msg/s)
INFO:adaptive_batching.adaptive_batcher:Batch size adjusted: 70 → 100 (throughput: 4996.8 msg/s)
INFO:adaptive_batching.adaptive_batcher:Batch size adjusted: 100 → 70 (throughput: 4996.8 msg/s)
INFO:adaptive_batching.adaptive_batcher:Batch size adjusted: 70 → 100 (throughput: 3603.0 msg/s)
INFO:adaptive_batching.adaptive_batcher:Batch size adjusted: 100 → 100 (throughput: 3603.0 msg/s)
INFO:adaptive_batching.adaptive_batcher:Batch size adjusted: 100 → 70 (throughput: 5352.4 msg/s)
INFO:adaptive_batching.adaptive_batcher:Batch size adjusted: 70 → 70 (throughput: 3341.2 msg/s)
INFO:adaptive_batching.adaptive_batcher:Batch size adjusted: 70 → 70 (throughput: 3341.2 msg/s)
INFO:adaptive_batching.adaptive_batcher:Batch size adjusted: 70 → 70 (throughput: 3295.8 msg/s)
INFO:adaptive_batching.adaptive_batcher:Batch size adjusted: 70 → 70 (throughput: 3943.7 msg/s)
INFO:adaptive_batching.adaptive_batcher:Batch size adjusted: 70 → 70 (throughput: 3981.8 msg/s)
INFO:adaptive_batching.adaptive_batcher:Batch size adjusted: 70 → 70 (throughput: 3981.8 msg/s)
INFO:adaptive_batching.adaptive_batcher:Batch size adjusted: 70 → 70 (throughput: 4152.8 msg/s)
INFO:adaptive_batching.adaptive_batcher:Batch size adjusted: 70 → 70 (throughput: 3855.1 msg/s)
INFO:adaptive_batching.adaptive_batcher:Batch size adjusted: 70 → 70 (throughput: 3855.1 msg/s)
INFO:adaptive_batching.adaptive_batcher:Batch size adjusted: 70 → 70 (throughput: 3464.1 msg/s)
INFO:adaptive_batching.adaptive_batcher:Batch size adjusted: 70 → 70 (throughput: 4464.6 msg/s)
INFO:adaptive_batching.adaptive_batcher:Batch size adjusted: 70 → 70 (throughput: 4464.6 msg/s)
INFO:adaptive_batching.adaptive_batcher:Batch size adjusted: 70 → 70 (throughput: 4033.6 msg/s)
INFO:adaptive_batching.adaptive_batcher:Batch size adjusted: 70 → 70 (throughput: 3780.3 msg/s)
INFO:adaptive_batching.adaptive_batcher:Batch size adjusted: 70 → 70 (throughput: 4129.8 msg/s)
INFO:adaptive_batching.adaptive_batcher:Batch size adjusted: 70 → 70 (throughput: 4129.8 msg/s)
INFO:adaptive_batching.adaptive_batcher:Batch size adjusted: 70 → 70 (throughput: 4400.4 msg/s)
INFO:adaptive_batching.adaptive_batcher:Batch size adjusted: 70 → 70 (throughput: 4614.7 msg/s)
INFO:adaptive_batching.adaptive_batcher:Batch size adjusted: 70 → 70 (throughput: 4614.7 msg/s)
INFO:adaptive_batching.adaptive_batcher:Batch size adjusted: 70 → 70 (throughput: 4558.2 msg/s)
INFO:adaptive_batching.adaptive_batcher:Batch size adjusted: 70 → 70 (throughput: 3797.5 msg/s)
INFO:adaptive_batching.adaptive_batcher:Batch size adjusted: 70 → 70 (throughput: 3300.9 msg/s)
INFO:adaptive_batching.adaptive_batcher:Batch size adjusted: 70 → 70 (throughput: 3300.9 msg/s)
INFO:adaptive_batching.adaptive_batcher:Batch size adjusted: 70 → 70 (throughput: 4483.4 msg/s)
INFO:adaptive_batching.adaptive_batcher:Batch size adjusted: 70 → 70 (throughput: 4017.5 msg/s)
INFO:adaptive_batching.adaptive_batcher:Batch size adjusted: 70 → 70 (throughput: 4017.5 msg/s)
INFO:adaptive_batching.adaptive_batcher:Batch size adjusted: 70 → 70 (throughput: 3936.8 msg/s)
INFO:adaptive_batching.adaptive_batcher:Batch size adjusted: 70 → 70 (throughput: 4180.9 msg/s)
INFO:adaptive_batching.adaptive_batcher:Batch size adjusted: 70 → 70 (throughput: 4180.9 msg/s)
INFO:adaptive_batching.adaptive_batcher:Batch size adjusted: 70 → 70 (throughput: 4381.3 msg/s)
INFO:adaptive_batching.adaptive_batcher:Batch size adjusted: 70 → 70 (throughput: 3737.5 msg/s)
INFO:adaptive_batching.adaptive_batcher:Batch size adjusted: 70 → 70 (throughput: 4329.6 msg/s)
INFO:adaptive_batching.adaptive_batcher:Batch size adjusted: 70 → 70 (throughput: 4329.6 msg/s)
INFO:adaptive_batching.adaptive_batcher:Batch size adjusted: 70 → 70 (throughput: 4075.2 msg/s)
INFO:adaptive_batching.adaptive_batcher:Batch size adjusted: 70 → 70 (throughput: 3569.1 msg/s)
INFO:adaptive_batching.adaptive_batcher:Batch size adjusted: 70 → 70 (throughput: 3569.1 msg/s)
INFO:adaptive_batching.adaptive_batcher:Batch size adjusted: 70 → 70 (throughput: 3640.9 msg/s)
INFO:adaptive_batching.adaptive_batcher:Batch size adjusted: 70 → 70 (throughput: 4389.8 msg/s)
INFO:adaptive_batching.adaptive_batcher:Batch size adjusted: 70 → 70 (throughput: 4050.5 msg/s)
INFO:adaptive_batching.adaptive_batcher:Batch size adjusted: 70 → 70 (throughput: 4050.5 msg/s)
INFO:adaptive_batching.adaptive_batcher:Batch size adjusted: 70 → 70 (throughput: 3534.4 msg/s)
INFO:adaptive_batching.adaptive_batcher:Batch size adjusted: 70 → 70 (throughput: 3332.1 msg/s)
INFO:adaptive_batching.adaptive_batcher:Batch size adjusted: 70 → 70 (throughput: 3332.1 msg/s)
INFO:adaptive_batching.adaptive_batcher:Batch size adjusted: 70 → 70 (throughput: 3293.5 msg/s)
INFO:adaptive_batching.adaptive_batcher:Batch size adjusted: 70 → 70 (throughput: 3638.2 msg/s)
INFO:adaptive_batching.adaptive_batcher:Batch size adjusted: 70 → 70 (throughput: 4665.1 msg/s)
INFO:adaptive_batching.adaptive_batcher:Batch size adjusted: 70 → 70 (throughput: 4665.1 msg/s)
INFO:adaptive_batching.adaptive_batcher:Batch size adjusted: 70 → 70 (throughput: 3421.6 msg/s)
INFO:adaptive_batching.adaptive_batcher:Batch size adjusted: 70 → 70 (throughput: 4019.1 msg/s)
INFO:adaptive_batching.adaptive_batcher:Batch size adjusted: 70 → 70 (throughput: 4019.1 msg/s)
INFO:adaptive_batching.adaptive_batcher:Batch size adjusted: 70 → 70 (throughput: 4066.2 msg/s)
INFO:adaptive_batching.adaptive_batcher:Batch size adjusted: 70 → 70 (throughput: 3779.3 msg/s)
INFO:adaptive_batching.adaptive_batcher:Batch size adjusted: 70 → 100 (throughput: 3779.3 msg/s)
INFO:adaptive_batching.adaptive_batcher:Batch size adjusted: 100 → 100 (throughput: 5383.6 msg/s)
INFO:adaptive_batching.adaptive_batcher:Batch size adjusted: 100 → 100 (throughput: 5383.6 msg/s)
INFO:adaptive_batching.adaptive_batcher:Batch size adjusted: 100 → 100 (throughput: 5777.8 msg/s)
INFO:adaptive_batching.adaptive_batcher:Batch size adjusted: 100 → 100 (throughput: 5777.8 msg/s)
INFO:adaptive_batching.adaptive_batcher:Batch size adjusted: 100 → 100 (throughput: 5316.9 msg/s)
INFO:adaptive_batching.adaptive_batcher:Batch size adjusted: 100 → 100 (throughput: 5316.9 msg/s)
INFO:adaptive_batching.adaptive_batcher:Batch size adjusted: 100 → 100 (throughput: 4065.9 msg/s)
INFO:adaptive_batching.adaptive_batcher:Batch size adjusted: 100 → 100 (throughput: 4065.9 msg/s)
INFO:adaptive_batching.adaptive_batcher:Batch size adjusted: 100 → 100 (throughput: 5093.0 msg/s)
INFO:adaptive_batching.adaptive_batcher:Batch size adjusted: 100 → 100 (throughput: 5093.0 msg/s)
INFO:adaptive_batching.adaptive_batcher:Batch size adjusted: 100 → 100 (throughput: 5121.6 msg/s)
INFO:adaptive_batching.adaptive_batcher:Batch size adjusted: 100 → 100 (throughput: 5121.6 msg/s)
INFO:adaptive_batching.adaptive_batcher:Batch size adjusted: 100 → 100 (throughput: 5013.7 msg/s)
INFO:adaptive_batching.adaptive_batcher:Batch size adjusted: 100 → 100 (throughput: 5013.7 msg/s)
INFO:adaptive_batching.adaptive_batcher:Batch size adjusted: 100 → 100 (throughput: 4746.0 msg/s)
INFO:adaptive_batching.adaptive_batcher:Batch size adjusted: 100 → 100 (throughput: 4746.0 msg/s)
INFO:adaptive_batching.adaptive_batcher:Batch size adjusted: 100 → 100 (throughput: 4142.2 msg/s)
INFO:adaptive_batching.adaptive_batcher:Batch size adjusted: 100 → 100 (throughput: 4142.2 msg/s)
INFO:adaptive_batching.adaptive_batcher:Batch size adjusted: 100 → 100 (throughput: 3989.6 msg/s)
INFO:adaptive_batching.adaptive_batcher:Batch size adjusted: 100 → 100 (throughput: 3989.6 msg/s)
INFO:adaptive_batching.adaptive_batcher:Batch size adjusted: 100 → 100 (throughput: 5446.3 msg/s)
INFO:adaptive_batching.adaptive_batcher:Batch size adjusted: 100 → 100 (throughput: 5446.3 msg/s)
INFO:adaptive_batching.adaptive_batcher:Batch size adjusted: 100 → 100 (throughput: 5107.8 msg/s)
INFO:adaptive_batching.adaptive_batcher:Batch size adjusted: 100 → 100 (throughput: 5107.8 msg/s)
INFO:adaptive_batching.adaptive_batcher:Batch size adjusted: 100 → 100 (throughput: 4417.9 msg/s)
INFO:adaptive_batching.adaptive_batcher:Batch size adjusted: 100 → 100 (throughput: 4417.9 msg/s)
INFO:adaptive_batching.adaptive_batcher:Batch size adjusted: 100 → 100 (throughput: 5009.6 msg/s)
INFO:adaptive_batching.adaptive_batcher:Batch size adjusted: 100 → 100 (throughput: 5009.6 msg/s)
INFO:adaptive_batching.adaptive_batcher:Batch size adjusted: 100 → 100 (throughput: 5021.9 msg/s)
INFO:adaptive_batching.adaptive_batcher:Batch size adjusted: 100 → 100 (throughput: 5021.9 msg/s)
INFO:adaptive_batching.adaptive_batcher:Batch size adjusted: 100 → 100 (throughput: 4085.8 msg/s)
INFO:adaptive_batching.adaptive_batcher:Batch size adjusted: 100 → 100 (throughput: 4085.8 msg/s)
INFO:adaptive_batching.adaptive_batcher:Batch size adjusted: 100 → 100 (throughput: 4085.8 msg/s)
INFO:adaptive_batching.adaptive_batcher:Batch size adjusted: 100 → 100 (throughput: 4627.7 msg/s)
INFO:adaptive_batching.adaptive_batcher:Batch size adjusted: 100 → 100 (throughput: 4627.7 msg/s)
INFO:adaptive_batching.adaptive_batcher:Batch size adjusted: 100 → 100 (throughput: 4522.4 msg/s)
INFO:adaptive_batching.adaptive_batcher:Batch size adjusted: 100 → 100 (throughput: 4522.4 msg/s)
INFO:adaptive_batching.adaptive_batcher:Batch size adjusted: 100 → 100 (throughput: 4033.7 msg/s)
INFO:adaptive_batching.adaptive_batcher:Batch size adjusted: 100 → 100 (throughput: 4033.7 msg/s)
INFO:adaptive_batching.adaptive_batcher:Batch size adjusted: 100 → 100 (throughput: 4284.5 msg/s)
INFO:adaptive_batching.adaptive_batcher:Batch size adjusted: 100 → 100 (throughput: 4284.5 msg/s)
INFO:adaptive_batching.adaptive_batcher:Batch size adjusted: 100 → 100 (throughput: 4506.8 msg/s)
INFO:adaptive_batching.adaptive_batcher:Batch size adjusted: 100 → 100 (throughput: 4506.8 msg/s)
INFO:adaptive_batching.adaptive_batcher:Batch size adjusted: 100 → 100 (throughput: 4748.3 msg/s)
INFO:adaptive_batching.adaptive_batcher:Batch size adjusted: 100 → 100 (throughput: 4748.3 msg/s)
INFO:adaptive_batching.adaptive_batcher:Batch size adjusted: 100 → 100 (throughput: 4174.1 msg/s)
INFO:adaptive_batching.adaptive_batcher:Batch size adjusted: 100 → 100 (throughput: 4174.1 msg/s)
INFO:adaptive_batching.adaptive_batcher:Batch size adjusted: 100 → 100 (throughput: 4068.0 msg/s)
INFO:adaptive_batching.adaptive_batcher:Batch size adjusted: 100 → 100 (throughput: 4068.0 msg/s)
INFO:adaptive_batching.adaptive_batcher:Batch size adjusted: 100 → 100 (throughput: 5152.5 msg/s)
INFO:adaptive_batching.adaptive_batcher:Batch size adjusted: 100 → 100 (throughput: 5152.5 msg/s)
INFO:adaptive_batching.adaptive_batcher:Batch size adjusted: 100 → 100 (throughput: 4282.8 msg/s)
INFO:adaptive_batching.adaptive_batcher:Batch size adjusted: 100 → 100 (throughput: 4282.8 msg/s)
INFO:adaptive_batching.adaptive_batcher:Batch size adjusted: 100 → 100 (throughput: 5460.6 msg/s)
INFO:adaptive_batching.adaptive_batcher:Batch size adjusted: 100 → 100 (throughput: 5460.6 msg/s)
INFO:adaptive_batching.adaptive_batcher:Batch size adjusted: 100 → 100 (throughput: 4443.4 msg/s)
INFO:adaptive_batching.adaptive_batcher:Batch size adjusted: 100 → 100 (throughput: 4443.4 msg/s)
INFO:adaptive_batching.adaptive_batcher:Batch size adjusted: 100 → 100 (throughput: 4015.9 msg/s)
INFO:adaptive_batching.adaptive_batcher:Batch size adjusted: 100 → 70 (throughput: 4015.9 msg/s)
INFO:adaptive_batching.adaptive_batcher:Batch size adjusted: 70 → 70 (throughput: 3931.8 msg/s)
INFO:adaptive_batching.adaptive_batcher:Batch size adjusted: 70 → 70 (throughput: 3949.2 msg/s)
INFO:adaptive_batching.adaptive_batcher:Batch size adjusted: 70 → 70 (throughput: 4500.4 msg/s)
INFO:adaptive_batching.adaptive_batcher:Batch size adjusted: 70 → 70 (throughput: 4500.4 msg/s)
INFO:adaptive_batching.adaptive_batcher:Batch size adjusted: 70 → 70 (throughput: 3938.2 msg/s)
INFO:adaptive_batching.adaptive_batcher:Batch size adjusted: 70 → 70 (throughput: 4466.8 msg/s)
INFO:adaptive_batching.adaptive_batcher:Batch size adjusted: 70 → 70 (throughput: 4466.8 msg/s)
INFO:adaptive_batching.adaptive_batcher:Batch size adjusted: 70 → 70 (throughput: 4458.3 msg/s)
INFO:adaptive_batching.adaptive_batcher:Batch size adjusted: 70 → 70 (throughput: 3819.5 msg/s)
INFO:adaptive_batching.adaptive_batcher:Batch size adjusted: 70 → 70 (throughput: 4106.0 msg/s)
INFO:adaptive_batching.adaptive_batcher:Batch size adjusted: 70 → 70 (throughput: 4106.0 msg/s)
INFO:adaptive_batching.adaptive_batcher:Batch size adjusted: 70 → 70 (throughput: 3597.5 msg/s)
INFO:adaptive_batching.adaptive_batcher:Batch size adjusted: 70 → 70 (throughput: 4350.0 msg/s)
INFO:adaptive_batching.adaptive_batcher:Batch size adjusted: 70 → 100 (throughput: 4350.0 msg/s)
INFO:adaptive_batching.adaptive_batcher:Batch size adjusted: 100 → 100 (throughput: 4206.3 msg/s)
INFO:adaptive_batching.adaptive_batcher:Batch size adjusted: 100 → 100 (throughput: 4206.3 msg/s)
INFO:adaptive_batching.adaptive_batcher:Batch size adjusted: 100 → 100 (throughput: 4840.7 msg/s)
INFO:adaptive_batching.adaptive_batcher:Batch size adjusted: 100 → 70 (throughput: 4840.7 msg/s)
INFO:adaptive_batching.adaptive_batcher:Batch size adjusted: 70 → 70 (throughput: 4038.3 msg/s)
INFO:adaptive_batching.adaptive_batcher:Batch size adjusted: 70 → 70 (throughput: 4212.1 msg/s)
INFO:adaptive_batching.adaptive_batcher:Batch size adjusted: 70 → 70 (throughput: 4212.1 msg/s)
INFO:adaptive_batching.adaptive_batcher:Batch size adjusted: 70 → 70 (throughput: 3447.8 msg/s)
INFO:adaptive_batching.adaptive_batcher:Batch size adjusted: 70 → 70 (throughput: 3398.2 msg/s)
INFO:adaptive_batching.adaptive_batcher:Batch size adjusted: 70 → 70 (throughput: 3472.9 msg/s)
INFO:adaptive_batching.adaptive_batcher:Batch size adjusted: 70 → 70 (throughput: 3472.9 msg/s)
INFO:adaptive_batching.adaptive_batcher:Batch size adjusted: 70 → 70 (throughput: 4132.2 msg/s)
INFO:adaptive_batching.adaptive_batcher:Batch size adjusted: 70 → 70 (throughput: 4447.0 msg/s)
INFO:adaptive_batching.adaptive_batcher:Batch size adjusted: 70 → 70 (throughput: 4447.0 msg/s)
INFO:adaptive_batching.adaptive_batcher:Batch size adjusted: 70 → 70 (throughput: 4592.5 msg/s)
INFO:adaptive_batching.adaptive_batcher:Batch size adjusted: 70 → 70 (throughput: 4232.9 msg/s)
INFO:adaptive_batching.adaptive_batcher:Batch size adjusted: 70 → 70 (throughput: 3716.4 msg/s)
INFO:adaptive_batching.adaptive_batcher:Batch size adjusted: 70 → 70 (throughput: 3716.4 msg/s)
INFO:adaptive_batching.adaptive_batcher:Batch size adjusted: 70 → 70 (throughput: 3695.3 msg/s)
INFO:adaptive_batching.adaptive_batcher:Batch size adjusted: 70 → 70 (throughput: 4294.2 msg/s)
INFO:adaptive_batching.adaptive_batcher:Batch size adjusted: 70 → 70 (throughput: 4294.2 msg/s)
INFO:adaptive_batching.adaptive_batcher:Batch size adjusted: 70 → 70 (throughput: 4145.7 msg/s)
INFO:adaptive_batching.adaptive_batcher:Batch size adjusted: 70 → 70 (throughput: 3818.3 msg/s)
INFO:adaptive_batching.adaptive_batcher:Batch size adjusted: 70 → 70 (throughput: 3818.3 msg/s)
INFO:adaptive_batching.adaptive_batcher:Batch size adjusted: 70 → 70 (throughput: 4569.5 msg/s)
INFO:adaptive_batching.adaptive_batcher:Batch size adjusted: 70 → 70 (throughput: 3963.3 msg/s)
INFO:adaptive_batching.adaptive_batcher:Batch size adjusted: 70 → 70 (throughput: 3937.6 msg/s)
INFO:adaptive_batching.adaptive_batcher:Batch size adjusted: 70 → 70 (throughput: 3937.6 msg/s)
INFO:adaptive_batching.adaptive_batcher:Batch size adjusted: 70 → 70 (throughput: 3522.6 msg/s)
INFO:adaptive_batching.adaptive_batcher:Batch size adjusted: 70 → 70 (throughput: 4734.5 msg/s)
INFO:adaptive_batching.adaptive_batcher:Batch size adjusted: 70 → 70 (throughput: 4734.5 msg/s)
INFO:adaptive_batching.adaptive_batcher:Batch size adjusted: 70 → 70 (throughput: 4082.1 msg/s)
INFO:adaptive_batching.adaptive_batcher:Batch size adjusted: 70 → 70 (throughput: 4453.6 msg/s)
INFO:adaptive_batching.adaptive_batcher:Batch size adjusted: 70 → 70 (throughput: 4023.0 msg/s)
INFO:adaptive_batching.adaptive_batcher:Batch size adjusted: 70 → 70 (throughput: 4023.0 msg/s)
INFO:adaptive_batching.adaptive_batcher:Batch size adjusted: 70 → 70 (throughput: 3339.1 msg/s)
INFO:adaptive_batching.adaptive_batcher:Batch size adjusted: 70 → 70 (throughput: 4176.6 msg/s)
INFO:adaptive_batching.adaptive_batcher:Batch size adjusted: 70 → 70 (throughput: 4176.6 msg/s)
INFO:adaptive_batching.adaptive_batcher:Batch size adjusted: 70 → 70 (throughput: 4295.0 msg/s)
INFO:adaptive_batching.adaptive_batcher:Batch size adjusted: 70 → 70 (throughput: 4690.8 msg/s)
INFO:adaptive_batching.adaptive_batcher:Batch size adjusted: 70 → 70 (throughput: 4452.1 msg/s)
INFO:adaptive_batching.adaptive_batcher:Batch size adjusted: 70 → 70 (throughput: 4452.1 msg/s)
INFO:adaptive_batching.adaptive_batcher:Batch size adjusted: 70 → 70 (throughput: 3273.9 msg/s)
INFO:adaptive_batching.adaptive_batcher:Batch size adjusted: 70 → 70 (throughput: 3289.6 msg/s)
INFO:adaptive_batching.adaptive_batcher:Batch size adjusted: 70 → 70 (throughput: 3289.6 msg/s)
INFO:adaptive_batching.adaptive_batcher:Batch size adjusted: 70 → 70 (throughput: 4029.2 msg/s)
INFO:adaptive_batching.adaptive_batcher:Batch size adjusted: 70 → 70 (throughput: 4763.2 msg/s)
INFO:adaptive_batching.adaptive_batcher:Batch size adjusted: 70 → 70 (throughput: 4763.2 msg/s)
INFO:adaptive_batching.adaptive_batcher:Batch size adjusted: 70 → 70 (throughput: 3394.1 msg/s)
INFO:adaptive_batching.adaptive_batcher:Batch size adjusted: 70 → 70 (throughput: 3860.7 msg/s)
INFO:adaptive_batching.adaptive_batcher:Batch size adjusted: 70 → 70 (throughput: 4586.0 msg/s)
INFO:adaptive_batching.adaptive_batcher:Batch size adjusted: 70 → 70 (throughput: 4586.0 msg/s)
INFO:adaptive_batching.adaptive_batcher:Batch size adjusted: 70 → 70 (throughput: 4092.6 msg/s)
INFO:adaptive_batching.adaptive_batcher:Batch size adjusted: 70 → 70 (throughput: 4524.6 msg/s)
INFO:adaptive_batching.adaptive_batcher:Batch size adjusted: 70 → 100 (throughput: 4524.6 msg/s)
INFO:adaptive_batching.adaptive_batcher:Batch size adjusted: 100 → 70 (throughput: 4357.1 msg/s)
INFO:adaptive_batching.adaptive_batcher:Batch size adjusted: 70 → 70 (throughput: 4357.1 msg/s)
INFO:adaptive_batching.adaptive_batcher:Batch size adjusted: 70 → 100 (throughput: 3833.1 msg/s)
INFO:adaptive_batching.adaptive_batcher:Batch size adjusted: 100 → 70 (throughput: 3833.1 msg/s)
INFO:adaptive_batching.adaptive_batcher:Batch size adjusted: 70 → 100 (throughput: 3804.2 msg/s)
INFO:adaptive_batching.adaptive_batcher:Batch size adjusted: 100 → 100 (throughput: 3804.2 msg/s)
INFO:adaptive_batching.adaptive_batcher:Batch size adjusted: 100 → 100 (throughput: 4702.1 msg/s)
INFO:adaptive_batching.adaptive_batcher:Batch size adjusted: 100 → 100 (throughput: 4702.1 msg/s)
INFO:adaptive_batching.adaptive_batcher:Batch size adjusted: 100 → 70 (throughput: 5519.1 msg/s)
INFO:adaptive_batching.adaptive_batcher:Batch size adjusted: 70 → 100 (throughput: 3611.4 msg/s)
INFO:adaptive_batching.adaptive_batcher:Batch size adjusted: 100 → 100 (throughput: 3611.4 msg/s)
INFO:adaptive_batching.adaptive_batcher:Batch size adjusted: 100 → 100 (throughput: 5469.2 msg/s)
INFO:adaptive_batching.adaptive_batcher:Batch size adjusted: 100 → 100 (throughput: 5469.2 msg/s)
INFO:adaptive_batching.adaptive_batcher:Batch size adjusted: 100 → 100 (throughput: 4084.8 msg/s)
INFO:adaptive_batching.adaptive_batcher:Batch size adjusted: 100 → 100 (throughput: 4084.8 msg/s)
INFO:adaptive_batching.adaptive_batcher:Batch size adjusted: 100 → 100 (throughput: 4432.2 msg/s)
INFO:adaptive_batching.adaptive_batcher:Batch size adjusted: 100 → 100 (throughput: 4432.2 msg/s)
INFO:adaptive_batching.adaptive_batcher:Batch size adjusted: 100 → 100 (throughput: 4811.4 msg/s)
INFO:adaptive_batching.adaptive_batcher:Batch size adjusted: 100 → 100 (throughput: 4811.4 msg/s)
INFO:adaptive_batching.adaptive_batcher:Batch size adjusted: 100 → 100 (throughput: 5794.8 msg/s)
INFO:adaptive_batching.adaptive_batcher:Batch size adjusted: 100 → 100 (throughput: 5794.8 msg/s)
INFO:adaptive_batching.adaptive_batcher:Batch size adjusted: 100 → 100 (throughput: 5170.7 msg/s)
INFO:adaptive_batching.adaptive_batcher:Batch size adjusted: 100 → 100 (throughput: 5170.7 msg/s)
INFO:adaptive_batching.adaptive_batcher:Batch size adjusted: 100 → 100 (throughput: 5081.3 msg/s)
INFO:adaptive_batching.adaptive_batcher:Batch size adjusted: 100 → 100 (throughput: 5081.3 msg/s)
INFO:adaptive_batching.adaptive_batcher:Batch size adjusted: 100 → 100 (throughput: 4197.1 msg/s)
INFO:adaptive_batching.adaptive_batcher:Batch size adjusted: 100 → 100 (throughput: 4197.1 msg/s)
INFO:adaptive_batching.adaptive_batcher:Batch size adjusted: 100 → 100 (throughput: 4235.3 msg/s)
INFO:adaptive_batching.adaptive_batcher:Batch size adjusted: 100 → 100 (throughput: 4235.3 msg/s)
INFO:adaptive_batching.adaptive_batcher:Batch size adjusted: 100 → 100 (throughput: 5786.1 msg/s)
INFO:adaptive_batching.adaptive_batcher:Batch size adjusted: 100 → 100 (throughput: 5786.1 msg/s)
INFO:adaptive_batching.adaptive_batcher:Batch size adjusted: 100 → 100 (throughput: 5240.3 msg/s)
INFO:adaptive_batching.adaptive_batcher:Batch size adjusted: 100 → 100 (throughput: 5240.3 msg/s)
INFO:adaptive_batching.adaptive_batcher:Batch size adjusted: 100 → 100 (throughput: 4124.2 msg/s)
INFO:adaptive_batching.adaptive_batcher:Batch size adjusted: 100 → 100 (throughput: 4124.2 msg/s)
INFO:adaptive_batching.adaptive_batcher:Batch size adjusted: 100 → 100 (throughput: 5123.4 msg/s)
INFO:adaptive_batching.adaptive_batcher:Batch size adjusted: 100 → 100 (throughput: 5123.4 msg/s)
INFO:adaptive_batching.adaptive_batcher:Batch size adjusted: 100 → 100 (throughput: 4705.0 msg/s)
INFO:adaptive_batching.adaptive_batcher:Batch size adjusted: 100 → 100 (throughput: 4705.0 msg/s)
INFO:adaptive_batching.adaptive_batcher:Batch size adjusted: 100 → 100 (throughput: 4546.9 msg/s)
INFO:adaptive_batching.adaptive_batcher:Batch size adjusted: 100 → 100 (throughput: 4546.9 msg/s)
INFO:adaptive_batching.adaptive_batcher:Batch size adjusted: 100 → 100 (throughput: 4015.2 msg/s)
INFO:adaptive_batching.adaptive_batcher:Batch size adjusted: 100 → 100 (throughput: 4015.2 msg/s)
INFO:adaptive_batching.adaptive_batcher:Batch size adjusted: 100 → 100 (throughput: 5046.2 msg/s)
INFO:adaptive_batching.adaptive_batcher:Batch size adjusted: 100 → 100 (throughput: 5046.2 msg/s)
INFO:adaptive_batching.adaptive_batcher:Batch size adjusted: 100 → 100 (throughput: 4722.1 msg/s)
INFO:adaptive_batching.adaptive_batcher:Batch size adjusted: 100 → 100 (throughput: 4722.1 msg/s)
INFO:adaptive_batching.adaptive_batcher:Batch size adjusted: 100 → 100 (throughput: 4113.9 msg/s)
INFO:adaptive_batching.adaptive_batcher:Batch size adjusted: 100 → 100 (throughput: 4113.9 msg/s)
INFO:adaptive_batching.adaptive_batcher:Batch size adjusted: 100 → 100 (throughput: 5300.3 msg/s)
INFO:adaptive_batching.adaptive_batcher:Batch size adjusted: 100 → 100 (throughput: 5300.3 msg/s)
INFO:adaptive_batching.adaptive_batcher:Batch size adjusted: 100 → 100 (throughput: 4463.4 msg/s)
INFO:adaptive_batching.adaptive_batcher:Batch size adjusted: 100 → 100 (throughput: 4463.4 msg/s)
INFO:adaptive_batching.adaptive_batcher:Batch size adjusted: 100 → 100 (throughput: 5097.8 msg/s)
INFO:adaptive_batching.adaptive_batcher:Batch size adjusted: 100 → 100 (throughput: 5097.8 msg/s)
INFO:adaptive_batching.adaptive_batcher:Batch size adjusted: 100 → 100 (throughput: 5097.8 msg/s)
INFO:adaptive_batching.adaptive_batcher:Batch size adjusted: 100 → 100 (throughput: 4084.3 msg/s)
INFO:adaptive_batching.adaptive_batcher:Batch size adjusted: 100 → 100 (throughput: 4084.3 msg/s)
INFO:adaptive_batching.adaptive_batcher:Batch size adjusted: 100 → 100 (throughput: 5416.5 msg/s)
INFO:adaptive_batching.adaptive_batcher:Batch size adjusted: 100 → 100 (throughput: 5416.5 msg/s)
INFO:adaptive_batching.adaptive_batcher:Batch size adjusted: 100 → 100 (throughput: 5689.2 msg/s)
INFO:adaptive_batching.adaptive_batcher:Batch size adjusted: 100 → 100 (throughput: 5689.2 msg/s)
INFO:adaptive_batching.adaptive_batcher:Batch size adjusted: 100 → 100 (throughput: 5541.4 msg/s)
INFO:adaptive_batching.adaptive_batcher:Batch size adjusted: 100 → 100 (throughput: 5541.4 msg/s)
INFO:adaptive_batching.adaptive_batcher:Batch size adjusted: 100 → 100 (throughput: 5740.9 msg/s)
INFO:adaptive_batching.adaptive_batcher:Batch size adjusted: 100 → 100 (throughput: 5740.9 msg/s)
INFO:adaptive_batching.adaptive_batcher:Batch size adjusted: 100 → 100 (throughput: 4739.5 msg/s)
INFO:adaptive_batching.adaptive_batcher:Batch size adjusted: 100 → 100 (throughput: 4739.5 msg/s)
INFO:adaptive_batching.adaptive_batcher:Batch size adjusted: 100 → 100 (throughput: 4056.5 msg/s)
INFO:adaptive_batching.adaptive_batcher:Batch size adjusted: 100 → 100 (throughput: 4056.5 msg/s)
INFO:adaptive_batching.adaptive_batcher:Batch size adjusted: 100 → 100 (throughput: 5607.3 msg/s)
INFO:adaptive_batching.adaptive_batcher:Batch size adjusted: 100 → 100 (throughput: 5607.3 msg/s)
ERROR:adaptive_batching.adaptive_batcher:Error processing batch: Simulated processing error
INFO:adaptive_batching.adaptive_batcher:Batch size adjusted: 100 → 100 (throughput: 5607.3 msg/s)
INFO:adaptive_batching.adaptive_batcher:Batch size adjusted: 100 → 100 (throughput: 5607.3 msg/s)
INFO:adaptive_batching.adaptive_batcher:Batch size adjusted: 100 → 100 (throughput: 4694.2 msg/s)
INFO:adaptive_batching.adaptive_batcher:Batch size adjusted: 100 → 100 (throughput: 4694.2 msg/s)
INFO:adaptive_batching.adaptive_batcher:Batch size adjusted: 100 → 100 (throughput: 4114.5 msg/s)
INFO:adaptive_batching.adaptive_batcher:Batch size adjusted: 100 → 100 (throughput: 4114.5 msg/s)
INFO:adaptive_batching.adaptive_batcher:Batch size adjusted: 100 → 100 (throughput: 4979.5 msg/s)
INFO:adaptive_batching.adaptive_batcher:Batch size adjusted: 100 → 100 (throughput: 4979.5 msg/s)
INFO:adaptive_batching.adaptive_batcher:Batch size adjusted: 100 → 100 (throughput: 4325.7 msg/s)
INFO:adaptive_batching.adaptive_batcher:Batch size adjusted: 100 → 100 (throughput: 4325.7 msg/s)
INFO:adaptive_batching.adaptive_batcher:Batch size adjusted: 100 → 100 (throughput: 5721.4 msg/s)
INFO:adaptive_batching.adaptive_batcher:Batch size adjusted: 100 → 100 (throughput: 5721.4 msg/s)
