
> adaptive-batching-dashboard@1.0.0 start
> react-scripts start

(node:4578) [DEP0176] DeprecationWarning: fs.F_OK is deprecated, use fs.constants.F_OK instead
(Use `node --trace-deprecation ...` to show where the warning was created)
(node:4578) [DEP_WEBPACK_DEV_SERVER_ON_AFTER_SETUP_MIDDLEWARE] DeprecationWarning: 'onAfterSetupMiddleware' option is deprecated. Please use the 'setupMiddlewares' option.
(node:4578) [DEP_WEBPACK_DEV_SERVER_ON_BEFORE_SETUP_MIDDLEWARE] DeprecationWarning: 'onBeforeSetupMiddleware' option is deprecated. Please use the 'setupMiddlewares' option.
Starting the development server...

Compiled successfully!

You can now view adaptive-batching-dashboard in the browser.

  Local:            http://localhost:3000
  On Your Network:  http://192.168.1.3:3000

Note that the development build is not optimized.
To create a production build, use npm run build.

webpack compiled successfully
(node:4578) [DEP0060] DeprecationWarning: The `util._extend` API is deprecated. Please use Object.assign() instead.
Failed to compile.

Error: ENOENT: no such file or directory, open '/Users/sumedhshende/sysd/course/72/day72-adaptive-batching/frontend/node_modules/victory-vendor/es/d3-scale.js'
ERROR in ./node_modules/victory-vendor/es/d3-scale.js
Module build failed (from ./node_modules/source-map-loader/dist/cjs.js):
Error: ENOENT: no such file or directory, open '/Users/sumedhshende/sysd/course/72/day72-adaptive-batching/frontend/node_modules/victory-vendor/es/d3-scale.js'

ERROR in ./node_modules/victory-vendor/es/d3-shape.js
Module build failed (from ./node_modules/source-map-loader/dist/cjs.js):
Error: ENOENT: no such file or directory, open '/Users/sumedhshende/sysd/course/72/day72-adaptive-batching/frontend/node_modules/victory-vendor/es/d3-shape.js'

webpack compiled with 2 errors
Failed to compile.

Error: ENOENT: no such file or directory, open '/Users/sumedhshende/sysd/course/72/day72-adaptive-batching/frontend/node_modules/react-is/index.js'
LOG from webpack.FileSystemInfo
<w> Managed item /Users/sumedhshende/sysd/course/72/day72-adaptive-batching/frontend/node_modules/react-is isn't a directory or doesn't contain a package.json (see snapshot.managedPaths option)
<w> Managed item /Users/sumedhshende/sysd/course/72/day72-adaptive-batching/frontend/node_modules/react-transition-group isn't a directory or doesn't contain a package.json (see snapshot.managedPaths option)
<w> Managed item /Users/sumedhshende/sysd/course/72/day72-adaptive-batching/frontend/node_modules/stylis isn't a directory or doesn't contain a package.json (see snapshot.managedPaths option)
+ 10 hidden lines

ERROR in ./node_modules/react-is/index.js
Module build failed (from ./node_modules/source-map-loader/dist/cjs.js):
Error: ENOENT: no such file or directory, open '/Users/sumedhshende/sysd/course/72/day72-adaptive-batching/frontend/node_modules/react-is/index.js'

ERROR in ./node_modules/react-transition-group/esm/index.js
Module build failed (from ./node_modules/source-map-loader/dist/cjs.js):
Error: ENOENT: no such file or directory, open '/Users/sumedhshende/sysd/course/72/day72-adaptive-batching/frontend/node_modules/react-transition-group/esm/index.js'

ERROR in ./node_modules/victory-vendor/es/d3-scale.js
Module build failed (from ./node_modules/source-map-loader/dist/cjs.js):
Error: ENOENT: no such file or directory, open '/Users/sumedhshende/sysd/course/72/day72-adaptive-batching/frontend/node_modules/victory-vendor/es/d3-scale.js'

ERROR in ./node_modules/victory-vendor/es/d3-shape.js
Module build failed (from ./node_modules/source-map-loader/dist/cjs.js):
Error: ENOENT: no such file or directory, open '/Users/sumedhshende/sysd/course/72/day72-adaptive-batching/frontend/node_modules/victory-vendor/es/d3-shape.js'

ERROR in ./node_modules/stylis/index.js
Module build failed (from ./node_modules/source-map-loader/dist/cjs.js):
Error: ENOENT: no such file or directory, open '/Users/sumedhshende/sysd/course/72/day72-adaptive-batching/frontend/node_modules/stylis/index.js'

webpack compiled with 5 errors
Failed to compile.

Error: ENOENT: no such file or directory, open '/Users/sumedhshende/sysd/course/72/day72-adaptive-batching/frontend/node_modules/@popperjs/core/lib/index.js'
LOG from webpack.FileSystemInfo
<w> Managed item /Users/sumedhshende/sysd/course/72/day72-adaptive-batching/frontend/node_modules/@popperjs/core isn't a directory or doesn't contain a package.json (see snapshot.managedPaths option)
+ 14 hidden lines

ERROR in ./node_modules/@popperjs/core/lib/index.js
Module build failed (from ./node_modules/source-map-loader/dist/cjs.js):
Error: ENOENT: no such file or directory, open '/Users/sumedhshende/sysd/course/72/day72-adaptive-batching/frontend/node_modules/@popperjs/core/lib/index.js'

ERROR in ./node_modules/react-is/index.js
Module build failed (from ./node_modules/source-map-loader/dist/cjs.js):
Error: ENOENT: no such file or directory, open '/Users/sumedhshende/sysd/course/72/day72-adaptive-batching/frontend/node_modules/react-is/index.js'

ERROR in ./node_modules/react-transition-group/esm/index.js
Module build failed (from ./node_modules/source-map-loader/dist/cjs.js):
Error: ENOENT: no such file or directory, open '/Users/sumedhshende/sysd/course/72/day72-adaptive-batching/frontend/node_modules/react-transition-group/esm/index.js'

ERROR in ./node_modules/victory-vendor/es/d3-scale.js
Module build failed (from ./node_modules/source-map-loader/dist/cjs.js):
Error: ENOENT: no such file or directory, open '/Users/sumedhshende/sysd/course/72/day72-adaptive-batching/frontend/node_modules/victory-vendor/es/d3-scale.js'

ERROR in ./node_modules/victory-vendor/es/d3-shape.js
Module build failed (from ./node_modules/source-map-loader/dist/cjs.js):
Error: ENOENT: no such file or directory, open '/Users/sumedhshende/sysd/course/72/day72-adaptive-batching/frontend/node_modules/victory-vendor/es/d3-shape.js'

ERROR in ./node_modules/stylis/index.js
Module build failed (from ./node_modules/source-map-loader/dist/cjs.js):
Error: ENOENT: no such file or directory, open '/Users/sumedhshende/sysd/course/72/day72-adaptive-batching/frontend/node_modules/stylis/index.js'

ERROR in Module not found: Error: Can't resolve '/Users/sumedhshende/sysd/course/72/day72-adaptive-batching/frontend/node_modules/@pmmmwh/react-refresh-webpack-plugin/client/ReactRefreshEntry.js' in '/Users/sumedhshende/sysd/course/72/day72-adaptive-batching/frontend'

webpack compiled with 7 errors
Failed to compile.

Error: ENOENT: no such file or directory, open '/Users/sumedhshende/sysd/course/72/day72-adaptive-batching/frontend/node_modules/@popperjs/core/lib/index.js'
LOG from webpack.FileSystemInfo
<w> Managed item /Users/sumedhshende/sysd/course/72/day72-adaptive-batching/frontend/node_modules/decimal.js-light isn't a directory or doesn't contain a package.json (see snapshot.managedPaths option)
+ 8 hidden lines

ERROR in ./node_modules/@popperjs/core/lib/index.js
Module build failed (from ./node_modules/source-map-loader/dist/cjs.js):
Error: ENOENT: no such file or directory, open '/Users/sumedhshende/sysd/course/72/day72-adaptive-batching/frontend/node_modules/@popperjs/core/lib/index.js'

ERROR in ./node_modules/decimal.js-light/decimal.js
Module build failed (from ./node_modules/source-map-loader/dist/cjs.js):
Error: ENOENT: no such file or directory, open '/Users/sumedhshende/sysd/course/72/day72-adaptive-batching/frontend/node_modules/decimal.js-light/decimal.js'

ERROR in ./node_modules/react-is/index.js
Module build failed (from ./node_modules/source-map-loader/dist/cjs.js):
Error: ENOENT: no such file or directory, open '/Users/sumedhshende/sysd/course/72/day72-adaptive-batching/frontend/node_modules/react-is/index.js'

ERROR in ./node_modules/react-transition-group/esm/index.js
Module build failed (from ./node_modules/source-map-loader/dist/cjs.js):
Error: ENOENT: no such file or directory, open '/Users/sumedhshende/sysd/course/72/day72-adaptive-batching/frontend/node_modules/react-transition-group/esm/index.js'

ERROR in ./node_modules/victory-vendor/es/d3-scale.js
Module build failed (from ./node_modules/source-map-loader/dist/cjs.js):
Error: ENOENT: no such file or directory, open '/Users/sumedhshende/sysd/course/72/day72-adaptive-batching/frontend/node_modules/victory-vendor/es/d3-scale.js'

ERROR in ./node_modules/victory-vendor/es/d3-shape.js
Module build failed (from ./node_modules/source-map-loader/dist/cjs.js):
Error: ENOENT: no such file or directory, open '/Users/sumedhshende/sysd/course/72/day72-adaptive-batching/frontend/node_modules/victory-vendor/es/d3-shape.js'

ERROR in ./node_modules/stylis/index.js
Module build failed (from ./node_modules/source-map-loader/dist/cjs.js):
Error: ENOENT: no such file or directory, open '/Users/sumedhshende/sysd/course/72/day72-adaptive-batching/frontend/node_modules/stylis/index.js'

ERROR in Module not found: Error: Can't resolve '/Users/sumedhshende/sysd/course/72/day72-adaptive-batching/frontend/node_modules/@pmmmwh/react-refresh-webpack-plugin/client/ReactRefreshEntry.js' in '/Users/sumedhshende/sysd/course/72/day72-adaptive-batching/frontend'

webpack compiled with 8 errors
Failed to compile.

Error: ENOENT: no such file or directory, open '/Users/sumedhshende/sysd/course/72/day72-adaptive-batching/frontend/node_modules/@popperjs/core/lib/index.js'
LOG from webpack.FileSystemInfo
<w> Managed item /Users/sumedhshende/sysd/course/72/day72-adaptive-batching/frontend/node_modules/react-smooth isn't a directory or doesn't contain a package.json (see snapshot.managedPaths option)
+ 8 hidden lines

ERROR in ./node_modules/@popperjs/core/lib/index.js
Module build failed (from ./node_modules/source-map-loader/dist/cjs.js):
Error: ENOENT: no such file or directory, open '/Users/sumedhshende/sysd/course/72/day72-adaptive-batching/frontend/node_modules/@popperjs/core/lib/index.js'

ERROR in ./node_modules/decimal.js-light/decimal.js
Module build failed (from ./node_modules/source-map-loader/dist/cjs.js):
Error: ENOENT: no such file or directory, open '/Users/sumedhshende/sysd/course/72/day72-adaptive-batching/frontend/node_modules/decimal.js-light/decimal.js'

ERROR in ./node_modules/react-is/index.js
Module build failed (from ./node_modules/source-map-loader/dist/cjs.js):
Error: ENOENT: no such file or directory, open '/Users/sumedhshende/sysd/course/72/day72-adaptive-batching/frontend/node_modules/react-is/index.js'

ERROR in ./node_modules/react-smooth/es6/index.js
Module build failed (from ./node_modules/source-map-loader/dist/cjs.js):
Error: ENOENT: no such file or directory, open '/Users/sumedhshende/sysd/course/72/day72-adaptive-batching/frontend/node_modules/react-smooth/es6/index.js'

ERROR in ./node_modules/react-transition-group/esm/index.js
Module build failed (from ./node_modules/source-map-loader/dist/cjs.js):
Error: ENOENT: no such file or directory, open '/Users/sumedhshende/sysd/course/72/day72-adaptive-batching/frontend/node_modules/react-transition-group/esm/index.js'

ERROR in ./node_modules/victory-vendor/es/d3-scale.js
Module build failed (from ./node_modules/source-map-loader/dist/cjs.js):
Error: ENOENT: no such file or directory, open '/Users/sumedhshende/sysd/course/72/day72-adaptive-batching/frontend/node_modules/victory-vendor/es/d3-scale.js'

ERROR in ./node_modules/victory-vendor/es/d3-shape.js
Module build failed (from ./node_modules/source-map-loader/dist/cjs.js):
Error: ENOENT: no such file or directory, open '/Users/sumedhshende/sysd/course/72/day72-adaptive-batching/frontend/node_modules/victory-vendor/es/d3-shape.js'

ERROR in ./node_modules/stylis/index.js
Module build failed (from ./node_modules/source-map-loader/dist/cjs.js):
Error: ENOENT: no such file or directory, open '/Users/sumedhshende/sysd/course/72/day72-adaptive-batching/frontend/node_modules/stylis/index.js'

ERROR in Module not found: Error: Can't resolve '/Users/sumedhshende/sysd/course/72/day72-adaptive-batching/frontend/node_modules/@pmmmwh/react-refresh-webpack-plugin/client/ReactRefreshEntry.js' in '/Users/sumedhshende/sysd/course/72/day72-adaptive-batching/frontend'

webpack compiled with 9 errors
Failed to compile.

Error: ENOENT: no such file or directory, open '/Users/sumedhshende/sysd/course/72/day72-adaptive-batching/frontend/node_modules/@popperjs/core/lib/index.js'
LOG from webpack.FileSystemInfo
<w> Managed item /Users/sumedhshende/sysd/course/72/day72-adaptive-batching/frontend/node_modules/scheduler isn't a directory or doesn't contain a package.json (see snapshot.managedPaths option)
+ 8 hidden lines

ERROR in ./node_modules/@popperjs/core/lib/index.js
Module build failed (from ./node_modules/source-map-loader/dist/cjs.js):
Error: ENOENT: no such file or directory, open '/Users/sumedhshende/sysd/course/72/day72-adaptive-batching/frontend/node_modules/@popperjs/core/lib/index.js'

ERROR in ./node_modules/decimal.js-light/decimal.js
Module build failed (from ./node_modules/source-map-loader/dist/cjs.js):
Error: ENOENT: no such file or directory, open '/Users/sumedhshende/sysd/course/72/day72-adaptive-batching/frontend/node_modules/decimal.js-light/decimal.js'

ERROR in ./node_modules/react-is/index.js
Module build failed (from ./node_modules/source-map-loader/dist/cjs.js):
Error: ENOENT: no such file or directory, open '/Users/sumedhshende/sysd/course/72/day72-adaptive-batching/frontend/node_modules/react-is/index.js'

ERROR in ./node_modules/react-smooth/es6/index.js
Module build failed (from ./node_modules/source-map-loader/dist/cjs.js):
Error: ENOENT: no such file or directory, open '/Users/sumedhshende/sysd/course/72/day72-adaptive-batching/frontend/node_modules/react-smooth/es6/index.js'

ERROR in ./node_modules/react-transition-group/esm/index.js
Module build failed (from ./node_modules/source-map-loader/dist/cjs.js):
Error: ENOENT: no such file or directory, open '/Users/sumedhshende/sysd/course/72/day72-adaptive-batching/frontend/node_modules/react-transition-group/esm/index.js'

ERROR in ./node_modules/scheduler/index.js
Module build failed (from ./node_modules/source-map-loader/dist/cjs.js):
Error: ENOENT: no such file or directory, open '/Users/sumedhshende/sysd/course/72/day72-adaptive-batching/frontend/node_modules/scheduler/index.js'

ERROR in ./node_modules/victory-vendor/es/d3-scale.js
Module build failed (from ./node_modules/source-map-loader/dist/cjs.js):
Error: ENOENT: no such file or directory, open '/Users/sumedhshende/sysd/course/72/day72-adaptive-batching/frontend/node_modules/victory-vendor/es/d3-scale.js'

ERROR in ./node_modules/victory-vendor/es/d3-shape.js
Module build failed (from ./node_modules/source-map-loader/dist/cjs.js):
Error: ENOENT: no such file or directory, open '/Users/sumedhshende/sysd/course/72/day72-adaptive-batching/frontend/node_modules/victory-vendor/es/d3-shape.js'

ERROR in ./node_modules/stylis/index.js
Module build failed (from ./node_modules/source-map-loader/dist/cjs.js):
Error: ENOENT: no such file or directory, open '/Users/sumedhshende/sysd/course/72/day72-adaptive-batching/frontend/node_modules/stylis/index.js'

ERROR in Module not found: Error: Can't resolve '/Users/sumedhshende/sysd/course/72/day72-adaptive-batching/frontend/node_modules/@pmmmwh/react-refresh-webpack-plugin/client/ReactRefreshEntry.js' in '/Users/sumedhshende/sysd/course/72/day72-adaptive-batching/frontend'

webpack compiled with 10 errors
Failed to compile.

Error: ENOENT: no such file or directory, open '/Users/sumedhshende/sysd/course/72/day72-adaptive-batching/frontend/node_modules/@popperjs/core/lib/index.js'
LOG from webpack.FileSystemInfo
<w> Managed item /Users/sumedhshende/sysd/course/72/day72-adaptive-batching/frontend/node_modules/eventemitter3 isn't a directory or doesn't contain a package.json (see snapshot.managedPaths option)
+ 8 hidden lines

ERROR in ./node_modules/@popperjs/core/lib/index.js
Module build failed (from ./node_modules/source-map-loader/dist/cjs.js):
Error: ENOENT: no such file or directory, open '/Users/sumedhshende/sysd/course/72/day72-adaptive-batching/frontend/node_modules/@popperjs/core/lib/index.js'

ERROR in ./node_modules/decimal.js-light/decimal.js
Module build failed (from ./node_modules/source-map-loader/dist/cjs.js):
Error: ENOENT: no such file or directory, open '/Users/sumedhshende/sysd/course/72/day72-adaptive-batching/frontend/node_modules/decimal.js-light/decimal.js'

ERROR in ./node_modules/eventemitter3/index.js
Module build failed (from ./node_modules/source-map-loader/dist/cjs.js):
Error: ENOENT: no such file or directory, open '/Users/sumedhshende/sysd/course/72/day72-adaptive-batching/frontend/node_modules/eventemitter3/index.js'

ERROR in ./node_modules/react-is/index.js
Module build failed (from ./node_modules/source-map-loader/dist/cjs.js):
Error: ENOENT: no such file or directory, open '/Users/sumedhshende/sysd/course/72/day72-adaptive-batching/frontend/node_modules/react-is/index.js'

ERROR in ./node_modules/react-smooth/es6/index.js
Module build failed (from ./node_modules/source-map-loader/dist/cjs.js):
Error: ENOENT: no such file or directory, open '/Users/sumedhshende/sysd/course/72/day72-adaptive-batching/frontend/node_modules/react-smooth/es6/index.js'

ERROR in ./node_modules/react-transition-group/esm/index.js
Module build failed (from ./node_modules/source-map-loader/dist/cjs.js):
Error: ENOENT: no such file or directory, open '/Users/sumedhshende/sysd/course/72/day72-adaptive-batching/frontend/node_modules/react-transition-group/esm/index.js'

ERROR in ./node_modules/scheduler/index.js
Module build failed (from ./node_modules/source-map-loader/dist/cjs.js):
Error: ENOENT: no such file or directory, open '/Users/sumedhshende/sysd/course/72/day72-adaptive-batching/frontend/node_modules/scheduler/index.js'

ERROR in ./node_modules/victory-vendor/es/d3-scale.js
Module build failed (from ./node_modules/source-map-loader/dist/cjs.js):
Error: ENOENT: no such file or directory, open '/Users/sumedhshende/sysd/course/72/day72-adaptive-batching/frontend/node_modules/victory-vendor/es/d3-scale.js'

ERROR in ./node_modules/victory-vendor/es/d3-shape.js
Module build failed (from ./node_modules/source-map-loader/dist/cjs.js):
Error: ENOENT: no such file or directory, open '/Users/sumedhshende/sysd/course/72/day72-adaptive-batching/frontend/node_modules/victory-vendor/es/d3-shape.js'

ERROR in ./node_modules/stylis/index.js
Module build failed (from ./node_modules/source-map-loader/dist/cjs.js):
Error: ENOENT: no such file or directory, open '/Users/sumedhshende/sysd/course/72/day72-adaptive-batching/frontend/node_modules/stylis/index.js'

ERROR in Module not found: Error: Can't resolve '/Users/sumedhshende/sysd/course/72/day72-adaptive-batching/frontend/node_modules/@pmmmwh/react-refresh-webpack-plugin/client/ReactRefreshEntry.js' in '/Users/sumedhshende/sysd/course/72/day72-adaptive-batching/frontend'

webpack compiled with 11 errors
Failed to compile.

Error: ENOENT: no such file or directory, open '/Users/sumedhshende/sysd/course/72/day72-adaptive-batching/frontend/node_modules/@popperjs/core/lib/index.js'
LOG from webpack.FileSystemInfo
<w> Managed item /Users/sumedhshende/sysd/course/72/day72-adaptive-batching/frontend/node_modules/react-dom isn't a directory or doesn't contain a package.json (see snapshot.managedPaths option)
+ 8 hidden lines

ERROR in ./node_modules/@popperjs/core/lib/index.js
Module build failed (from ./node_modules/source-map-loader/dist/cjs.js):
Error: ENOENT: no such file or directory, open '/Users/sumedhshende/sysd/course/72/day72-adaptive-batching/frontend/node_modules/@popperjs/core/lib/index.js'

ERROR in ./node_modules/decimal.js-light/decimal.js
Module build failed (from ./node_modules/source-map-loader/dist/cjs.js):
Error: ENOENT: no such file or directory, open '/Users/sumedhshende/sysd/course/72/day72-adaptive-batching/frontend/node_modules/decimal.js-light/decimal.js'

ERROR in ./node_modules/eventemitter3/index.js
Module build failed (from ./node_modules/source-map-loader/dist/cjs.js):
Error: ENOENT: no such file or directory, open '/Users/sumedhshende/sysd/course/72/day72-adaptive-batching/frontend/node_modules/eventemitter3/index.js'

ERROR in ./node_modules/react-dom/client.js
Module build failed (from ./node_modules/source-map-loader/dist/cjs.js):
Error: ENOENT: no such file or directory, open '/Users/sumedhshende/sysd/course/72/day72-adaptive-batching/frontend/node_modules/react-dom/client.js'

ERROR in ./node_modules/react-dom/index.js
Module build failed (from ./node_modules/source-map-loader/dist/cjs.js):
Error: ENOENT: no such file or directory, open '/Users/sumedhshende/sysd/course/72/day72-adaptive-batching/frontend/node_modules/react-dom/index.js'

ERROR in ./node_modules/react-is/index.js
Module build failed (from ./node_modules/source-map-loader/dist/cjs.js):
Error: ENOENT: no such file or directory, open '/Users/sumedhshende/sysd/course/72/day72-adaptive-batching/frontend/node_modules/react-is/index.js'

ERROR in ./node_modules/react-smooth/es6/index.js
Module build failed (from ./node_modules/source-map-loader/dist/cjs.js):
Error: ENOENT: no such file or directory, open '/Users/sumedhshende/sysd/course/72/day72-adaptive-batching/frontend/node_modules/react-smooth/es6/index.js'

ERROR in ./node_modules/react-transition-group/esm/index.js
Module build failed (from ./node_modules/source-map-loader/dist/cjs.js):
Error: ENOENT: no such file or directory, open '/Users/sumedhshende/sysd/course/72/day72-adaptive-batching/frontend/node_modules/react-transition-group/esm/index.js'

ERROR in ./node_modules/victory-vendor/es/d3-scale.js
Module build failed (from ./node_modules/source-map-loader/dist/cjs.js):
Error: ENOENT: no such file or directory, open '/Users/sumedhshende/sysd/course/72/day72-adaptive-batching/frontend/node_modules/victory-vendor/es/d3-scale.js'

ERROR in ./node_modules/victory-vendor/es/d3-shape.js
Module build failed (from ./node_modules/source-map-loader/dist/cjs.js):
Error: ENOENT: no such file or directory, open '/Users/sumedhshende/sysd/course/72/day72-adaptive-batching/frontend/node_modules/victory-vendor/es/d3-shape.js'

ERROR in ./node_modules/stylis/index.js
Module build failed (from ./node_modules/source-map-loader/dist/cjs.js):
Error: ENOENT: no such file or directory, open '/Users/sumedhshende/sysd/course/72/day72-adaptive-batching/frontend/node_modules/stylis/index.js'

ERROR in Module not found: Error: Can't resolve '/Users/sumedhshende/sysd/course/72/day72-adaptive-batching/frontend/node_modules/@pmmmwh/react-refresh-webpack-plugin/client/ReactRefreshEntry.js' in '/Users/sumedhshende/sysd/course/72/day72-adaptive-batching/frontend'

webpack compiled with 12 errors
Failed to compile.

Error: ENOENT: no such file or directory, open '/Users/sumedhshende/sysd/course/72/day72-adaptive-batching/frontend/node_modules/@mui/system/colorManipulator.js'
LOG from webpack.FileSystemInfo
<w> Managed item /Users/sumedhshende/sysd/course/72/day72-adaptive-batching/frontend/node_modules/@mui/system isn't a directory or doesn't contain a package.json (see snapshot.managedPaths option)
+ 8 hidden lines

ERROR in ./node_modules/@mui/system/colorManipulator.js
Module build failed (from ./node_modules/source-map-loader/dist/cjs.js):
Error: ENOENT: no such file or directory, open '/Users/sumedhshende/sysd/course/72/day72-adaptive-batching/frontend/node_modules/@mui/system/colorManipulator.js'

ERROR in ./node_modules/@mui/system/createStyled.js
Module build failed (from ./node_modules/source-map-loader/dist/cjs.js):
Error: ENOENT: no such file or directory, open '/Users/sumedhshende/sysd/course/72/day72-adaptive-batching/frontend/node_modules/@mui/system/createStyled.js'

ERROR in ./node_modules/@mui/system/esm/DefaultPropsProvider/index.js
Module build failed (from ./node_modules/source-map-loader/dist/cjs.js):
Error: ENOENT: no such file or directory, open '/Users/sumedhshende/sysd/course/72/day72-adaptive-batching/frontend/node_modules/@mui/system/esm/DefaultPropsProvider/index.js'

ERROR in ./node_modules/@mui/system/esm/InitColorSchemeScript/index.js
Module build failed (from ./node_modules/source-map-loader/dist/cjs.js):
Error: ENOENT: no such file or directory, open '/Users/sumedhshende/sysd/course/72/day72-adaptive-batching/frontend/node_modules/@mui/system/esm/InitColorSchemeScript/index.js'

ERROR in ./node_modules/@mui/system/esm/RtlProvider/index.js
Module build failed (from ./node_modules/source-map-loader/dist/cjs.js):
Error: ENOENT: no such file or directory, open '/Users/sumedhshende/sysd/course/72/day72-adaptive-batching/frontend/node_modules/@mui/system/esm/RtlProvider/index.js'

ERROR in ./node_modules/@mui/system/esm/Unstable_Grid/index.js
Module build failed (from ./node_modules/source-map-loader/dist/cjs.js):
Error: ENOENT: no such file or directory, open '/Users/sumedhshende/sysd/course/72/day72-adaptive-batching/frontend/node_modules/@mui/system/esm/Unstable_Grid/index.js'

ERROR in ./node_modules/@mui/system/esm/createTheme/index.js
Module build failed (from ./node_modules/source-map-loader/dist/cjs.js):
Error: ENOENT: no such file or directory, open '/Users/sumedhshende/sysd/course/72/day72-adaptive-batching/frontend/node_modules/@mui/system/esm/createTheme/index.js'

ERROR in ./node_modules/@mui/system/esm/index.js
Module build failed (from ./node_modules/source-map-loader/dist/cjs.js):
Error: ENOENT: no such file or directory, open '/Users/sumedhshende/sysd/course/72/day72-adaptive-batching/frontend/node_modules/@mui/system/esm/index.js'

ERROR in ./node_modules/@mui/system/esm/styleFunctionSx/index.js
Module build failed (from ./node_modules/source-map-loader/dist/cjs.js):
Error: ENOENT: no such file or directory, open '/Users/sumedhshende/sysd/course/72/day72-adaptive-batching/frontend/node_modules/@mui/system/esm/styleFunctionSx/index.js'

ERROR in ./node_modules/@mui/system/esm/useMediaQuery/index.js
Module build failed (from ./node_modules/source-map-loader/dist/cjs.js):
Error: ENOENT: no such file or directory, open '/Users/sumedhshende/sysd/course/72/day72-adaptive-batching/frontend/node_modules/@mui/system/esm/useMediaQuery/index.js'

ERROR in ./node_modules/@mui/system/esm/useThemeProps/index.js
Module build failed (from ./node_modules/source-map-loader/dist/cjs.js):
Error: ENOENT: no such file or directory, open '/Users/sumedhshende/sysd/course/72/day72-adaptive-batching/frontend/node_modules/@mui/system/esm/useThemeProps/index.js'

ERROR in ./node_modules/@mui/system/useThemeWithoutDefault.js
Module build failed (from ./node_modules/source-map-loader/dist/cjs.js):
Error: ENOENT: no such file or directory, open '/Users/sumedhshende/sysd/course/72/day72-adaptive-batching/frontend/node_modules/@mui/system/useThemeWithoutDefault.js'

ERROR in ./node_modules/@popperjs/core/lib/index.js
Module build failed (from ./node_modules/source-map-loader/dist/cjs.js):
Error: ENOENT: no such file or directory, open '/Users/sumedhshende/sysd/course/72/day72-adaptive-batching/frontend/node_modules/@popperjs/core/lib/index.js'

ERROR in ./node_modules/decimal.js-light/decimal.js
Module build failed (from ./node_modules/source-map-loader/dist/cjs.js):
Error: ENOENT: no such file or directory, open '/Users/sumedhshende/sysd/course/72/day72-adaptive-batching/frontend/node_modules/decimal.js-light/decimal.js'

ERROR in ./node_modules/eventemitter3/index.js
Module build failed (from ./node_modules/source-map-loader/dist/cjs.js):
Error: ENOENT: no such file or directory, open '/Users/sumedhshende/sysd/course/72/day72-adaptive-batching/frontend/node_modules/eventemitter3/index.js'

ERROR in ./node_modules/react-dom/client.js
Module build failed (from ./node_modules/source-map-loader/dist/cjs.js):
Error: ENOENT: no such file or directory, open '/Users/sumedhshende/sysd/course/72/day72-adaptive-batching/frontend/node_modules/react-dom/client.js'

ERROR in ./node_modules/react-dom/index.js
Module build failed (from ./node_modules/source-map-loader/dist/cjs.js):
Error: ENOENT: no such file or directory, open '/Users/sumedhshende/sysd/course/72/day72-adaptive-batching/frontend/node_modules/react-dom/index.js'

ERROR in ./node_modules/react-is/index.js
Module build failed (from ./node_modules/source-map-loader/dist/cjs.js):
Error: ENOENT: no such file or directory, open '/Users/sumedhshende/sysd/course/72/day72-adaptive-batching/frontend/node_modules/react-is/index.js'

ERROR in ./node_modules/react-smooth/es6/index.js
Module build failed (from ./node_modules/source-map-loader/dist/cjs.js):
Error: ENOENT: no such file or directory, open '/Users/sumedhshende/sysd/course/72/day72-adaptive-batching/frontend/node_modules/react-smooth/es6/index.js'

ERROR in ./node_modules/react-transition-group/esm/index.js
Module build failed (from ./node_modules/source-map-loader/dist/cjs.js):
Error: ENOENT: no such file or directory, open '/Users/sumedhshende/sysd/course/72/day72-adaptive-batching/frontend/node_modules/react-transition-group/esm/index.js'

ERROR in ./node_modules/victory-vendor/es/d3-scale.js
Module build failed (from ./node_modules/source-map-loader/dist/cjs.js):
Error: ENOENT: no such file or directory, open '/Users/sumedhshende/sysd/course/72/day72-adaptive-batching/frontend/node_modules/victory-vendor/es/d3-scale.js'

ERROR in ./node_modules/victory-vendor/es/d3-shape.js
Module build failed (from ./node_modules/source-map-loader/dist/cjs.js):
Error: ENOENT: no such file or directory, open '/Users/sumedhshende/sysd/course/72/day72-adaptive-batching/frontend/node_modules/victory-vendor/es/d3-shape.js'

ERROR in Module not found: Error: Can't resolve '/Users/sumedhshende/sysd/course/72/day72-adaptive-batching/frontend/node_modules/@pmmmwh/react-refresh-webpack-plugin/client/ReactRefreshEntry.js' in '/Users/sumedhshende/sysd/course/72/day72-adaptive-batching/frontend'

webpack compiled with 23 errors
Failed to compile.

Error: ENOENT: no such file or directory, open '/Users/sumedhshende/sysd/course/72/day72-adaptive-batching/frontend/node_modules/@mui/system/colorManipulator.js'
ERROR in ./node_modules/@mui/system/colorManipulator.js
Module build failed (from ./node_modules/source-map-loader/dist/cjs.js):
Error: ENOENT: no such file or directory, open '/Users/sumedhshende/sysd/course/72/day72-adaptive-batching/frontend/node_modules/@mui/system/colorManipulator.js'

ERROR in ./node_modules/@mui/system/createStyled.js
Module build failed (from ./node_modules/source-map-loader/dist/cjs.js):
Error: ENOENT: no such file or directory, open '/Users/sumedhshende/sysd/course/72/day72-adaptive-batching/frontend/node_modules/@mui/system/createStyled.js'

ERROR in ./node_modules/@mui/system/esm/DefaultPropsProvider/index.js
Module build failed (from ./node_modules/source-map-loader/dist/cjs.js):
Error: ENOENT: no such file or directory, open '/Users/sumedhshende/sysd/course/72/day72-adaptive-batching/frontend/node_modules/@mui/system/esm/DefaultPropsProvider/index.js'

ERROR in ./node_modules/@mui/system/esm/InitColorSchemeScript/index.js
Module build failed (from ./node_modules/source-map-loader/dist/cjs.js):
Error: ENOENT: no such file or directory, open '/Users/sumedhshende/sysd/course/72/day72-adaptive-batching/frontend/node_modules/@mui/system/esm/InitColorSchemeScript/index.js'

ERROR in ./node_modules/@mui/system/esm/RtlProvider/index.js
Module build failed (from ./node_modules/source-map-loader/dist/cjs.js):
Error: ENOENT: no such file or directory, open '/Users/sumedhshende/sysd/course/72/day72-adaptive-batching/frontend/node_modules/@mui/system/esm/RtlProvider/index.js'

ERROR in ./node_modules/@mui/system/esm/Unstable_Grid/index.js
Module build failed (from ./node_modules/source-map-loader/dist/cjs.js):
Error: ENOENT: no such file or directory, open '/Users/sumedhshende/sysd/course/72/day72-adaptive-batching/frontend/node_modules/@mui/system/esm/Unstable_Grid/index.js'

ERROR in ./node_modules/@mui/system/esm/createTheme/index.js
Module build failed (from ./node_modules/source-map-loader/dist/cjs.js):
Error: ENOENT: no such file or directory, open '/Users/sumedhshende/sysd/course/72/day72-adaptive-batching/frontend/node_modules/@mui/system/esm/createTheme/index.js'

ERROR in ./node_modules/@mui/system/esm/index.js
Module build failed (from ./node_modules/source-map-loader/dist/cjs.js):
Error: ENOENT: no such file or directory, open '/Users/sumedhshende/sysd/course/72/day72-adaptive-batching/frontend/node_modules/@mui/system/esm/index.js'

ERROR in ./node_modules/@mui/system/esm/styleFunctionSx/index.js
Module build failed (from ./node_modules/source-map-loader/dist/cjs.js):
Error: ENOENT: no such file or directory, open '/Users/sumedhshende/sysd/course/72/day72-adaptive-batching/frontend/node_modules/@mui/system/esm/styleFunctionSx/index.js'

ERROR in ./node_modules/@mui/system/esm/useMediaQuery/index.js
Module build failed (from ./node_modules/source-map-loader/dist/cjs.js):
Error: ENOENT: no such file or directory, open '/Users/sumedhshende/sysd/course/72/day72-adaptive-batching/frontend/node_modules/@mui/system/esm/useMediaQuery/index.js'

ERROR in ./node_modules/@mui/system/esm/useThemeProps/index.js
Module build failed (from ./node_modules/source-map-loader/dist/cjs.js):
Error: ENOENT: no such file or directory, open '/Users/sumedhshende/sysd/course/72/day72-adaptive-batching/frontend/node_modules/@mui/system/esm/useThemeProps/index.js'

ERROR in ./node_modules/@mui/system/useThemeWithoutDefault.js
Module build failed (from ./node_modules/source-map-loader/dist/cjs.js):
Error: ENOENT: no such file or directory, open '/Users/sumedhshende/sysd/course/72/day72-adaptive-batching/frontend/node_modules/@mui/system/useThemeWithoutDefault.js'

ERROR in ./node_modules/@popperjs/core/lib/index.js
Module build failed (from ./node_modules/source-map-loader/dist/cjs.js):
Error: ENOENT: no such file or directory, open '/Users/sumedhshende/sysd/course/72/day72-adaptive-batching/frontend/node_modules/@popperjs/core/lib/index.js'

ERROR in ./node_modules/decimal.js-light/decimal.js
Module build failed (from ./node_modules/source-map-loader/dist/cjs.js):
Error: ENOENT: no such file or directory, open '/Users/sumedhshende/sysd/course/72/day72-adaptive-batching/frontend/node_modules/decimal.js-light/decimal.js'

ERROR in ./node_modules/eventemitter3/index.js
Module build failed (from ./node_modules/source-map-loader/dist/cjs.js):
Error: ENOENT: no such file or directory, open '/Users/sumedhshende/sysd/course/72/day72-adaptive-batching/frontend/node_modules/eventemitter3/index.js'

ERROR in ./node_modules/react-dom/client.js
Module build failed (from ./node_modules/source-map-loader/dist/cjs.js):
Error: ENOENT: no such file or directory, open '/Users/sumedhshende/sysd/course/72/day72-adaptive-batching/frontend/node_modules/react-dom/client.js'

ERROR in ./node_modules/react-dom/index.js
Module build failed (from ./node_modules/source-map-loader/dist/cjs.js):
Error: ENOENT: no such file or directory, open '/Users/sumedhshende/sysd/course/72/day72-adaptive-batching/frontend/node_modules/react-dom/index.js'

ERROR in ./node_modules/react-is/index.js
Module build failed (from ./node_modules/source-map-loader/dist/cjs.js):
Error: ENOENT: no such file or directory, open '/Users/sumedhshende/sysd/course/72/day72-adaptive-batching/frontend/node_modules/react-is/index.js'

ERROR in ./node_modules/react-smooth/es6/index.js
Module build failed (from ./node_modules/source-map-loader/dist/cjs.js):
Error: ENOENT: no such file or directory, open '/Users/sumedhshende/sysd/course/72/day72-adaptive-batching/frontend/node_modules/react-smooth/es6/index.js'

ERROR in ./node_modules/react-transition-group/esm/index.js
Module build failed (from ./node_modules/source-map-loader/dist/cjs.js):
Error: ENOENT: no such file or directory, open '/Users/sumedhshende/sysd/course/72/day72-adaptive-batching/frontend/node_modules/react-transition-group/esm/index.js'

ERROR in ./node_modules/victory-vendor/es/d3-scale.js
Module build failed (from ./node_modules/source-map-loader/dist/cjs.js):
Error: ENOENT: no such file or directory, open '/Users/sumedhshende/sysd/course/72/day72-adaptive-batching/frontend/node_modules/victory-vendor/es/d3-scale.js'

ERROR in ./node_modules/victory-vendor/es/d3-shape.js
Module build failed (from ./node_modules/source-map-loader/dist/cjs.js):
Error: ENOENT: no such file or directory, open '/Users/sumedhshende/sysd/course/72/day72-adaptive-batching/frontend/node_modules/victory-vendor/es/d3-shape.js'

ERROR in Module not found: Error: Can't resolve '/Users/sumedhshende/sysd/course/72/day72-adaptive-batching/frontend/node_modules/@pmmmwh/react-refresh-webpack-plugin/client/ReactRefreshEntry.js' in '/Users/sumedhshende/sysd/course/72/day72-adaptive-batching/frontend'

webpack compiled with 23 errors
Failed to compile.

Error: ENOENT: no such file or directory, open '/Users/sumedhshende/sysd/course/72/day72-adaptive-batching/frontend/node_modules/@mui/system/colorManipulator.js'
ERROR in ./node_modules/@mui/system/colorManipulator.js
Module build failed (from ./node_modules/source-map-loader/dist/cjs.js):
Error: ENOENT: no such file or directory, open '/Users/sumedhshende/sysd/course/72/day72-adaptive-batching/frontend/node_modules/@mui/system/colorManipulator.js'

ERROR in ./node_modules/@mui/system/createStyled.js
Module build failed (from ./node_modules/source-map-loader/dist/cjs.js):
Error: ENOENT: no such file or directory, open '/Users/sumedhshende/sysd/course/72/day72-adaptive-batching/frontend/node_modules/@mui/system/createStyled.js'

ERROR in ./node_modules/@mui/system/esm/DefaultPropsProvider/index.js
Module build failed (from ./node_modules/source-map-loader/dist/cjs.js):
Error: ENOENT: no such file or directory, open '/Users/sumedhshende/sysd/course/72/day72-adaptive-batching/frontend/node_modules/@mui/system/esm/DefaultPropsProvider/index.js'

ERROR in ./node_modules/@mui/system/esm/InitColorSchemeScript/index.js
Module build failed (from ./node_modules/source-map-loader/dist/cjs.js):
Error: ENOENT: no such file or directory, open '/Users/sumedhshende/sysd/course/72/day72-adaptive-batching/frontend/node_modules/@mui/system/esm/InitColorSchemeScript/index.js'

ERROR in ./node_modules/@mui/system/esm/RtlProvider/index.js
Module build failed (from ./node_modules/source-map-loader/dist/cjs.js):
Error: ENOENT: no such file or directory, open '/Users/sumedhshende/sysd/course/72/day72-adaptive-batching/frontend/node_modules/@mui/system/esm/RtlProvider/index.js'

ERROR in ./node_modules/@mui/system/esm/Unstable_Grid/index.js
Module build failed (from ./node_modules/source-map-loader/dist/cjs.js):
Error: ENOENT: no such file or directory, open '/Users/sumedhshende/sysd/course/72/day72-adaptive-batching/frontend/node_modules/@mui/system/esm/Unstable_Grid/index.js'

ERROR in ./node_modules/@mui/system/esm/createTheme/index.js
Module build failed (from ./node_modules/source-map-loader/dist/cjs.js):
Error: ENOENT: no such file or directory, open '/Users/sumedhshende/sysd/course/72/day72-adaptive-batching/frontend/node_modules/@mui/system/esm/createTheme/index.js'

ERROR in ./node_modules/@mui/system/esm/index.js
Module build failed (from ./node_modules/source-map-loader/dist/cjs.js):
Error: ENOENT: no such file or directory, open '/Users/sumedhshende/sysd/course/72/day72-adaptive-batching/frontend/node_modules/@mui/system/esm/index.js'

ERROR in ./node_modules/@mui/system/esm/styleFunctionSx/index.js
Module build failed (from ./node_modules/source-map-loader/dist/cjs.js):
Error: ENOENT: no such file or directory, open '/Users/sumedhshende/sysd/course/72/day72-adaptive-batching/frontend/node_modules/@mui/system/esm/styleFunctionSx/index.js'

ERROR in ./node_modules/@mui/system/esm/useMediaQuery/index.js
Module build failed (from ./node_modules/source-map-loader/dist/cjs.js):
Error: ENOENT: no such file or directory, open '/Users/sumedhshende/sysd/course/72/day72-adaptive-batching/frontend/node_modules/@mui/system/esm/useMediaQuery/index.js'

ERROR in ./node_modules/@mui/system/esm/useThemeProps/index.js
Module build failed (from ./node_modules/source-map-loader/dist/cjs.js):
Error: ENOENT: no such file or directory, open '/Users/sumedhshende/sysd/course/72/day72-adaptive-batching/frontend/node_modules/@mui/system/esm/useThemeProps/index.js'

ERROR in ./node_modules/@mui/system/useThemeWithoutDefault.js
Module build failed (from ./node_modules/source-map-loader/dist/cjs.js):
Error: ENOENT: no such file or directory, open '/Users/sumedhshende/sysd/course/72/day72-adaptive-batching/frontend/node_modules/@mui/system/useThemeWithoutDefault.js'

ERROR in ./node_modules/@popperjs/core/lib/index.js
Module build failed (from ./node_modules/source-map-loader/dist/cjs.js):
Error: ENOENT: no such file or directory, open '/Users/sumedhshende/sysd/course/72/day72-adaptive-batching/frontend/node_modules/@popperjs/core/lib/index.js'

ERROR in ./node_modules/decimal.js-light/decimal.js
Module build failed (from ./node_modules/source-map-loader/dist/cjs.js):
Error: ENOENT: no such file or directory, open '/Users/sumedhshende/sysd/course/72/day72-adaptive-batching/frontend/node_modules/decimal.js-light/decimal.js'

ERROR in ./node_modules/eventemitter3/index.js
Module build failed (from ./node_modules/source-map-loader/dist/cjs.js):
Error: ENOENT: no such file or directory, open '/Users/sumedhshende/sysd/course/72/day72-adaptive-batching/frontend/node_modules/eventemitter3/index.js'

ERROR in ./node_modules/react-dom/client.js
Module build failed (from ./node_modules/source-map-loader/dist/cjs.js):
Error: ENOENT: no such file or directory, open '/Users/sumedhshende/sysd/course/72/day72-adaptive-batching/frontend/node_modules/react-dom/client.js'

ERROR in ./node_modules/react-dom/index.js
Module build failed (from ./node_modules/source-map-loader/dist/cjs.js):
Error: ENOENT: no such file or directory, open '/Users/sumedhshende/sysd/course/72/day72-adaptive-batching/frontend/node_modules/react-dom/index.js'

ERROR in ./node_modules/react-is/index.js
Module build failed (from ./node_modules/source-map-loader/dist/cjs.js):
Error: ENOENT: no such file or directory, open '/Users/sumedhshende/sysd/course/72/day72-adaptive-batching/frontend/node_modules/react-is/index.js'

ERROR in ./node_modules/react-smooth/es6/index.js
Module build failed (from ./node_modules/source-map-loader/dist/cjs.js):
Error: ENOENT: no such file or directory, open '/Users/sumedhshende/sysd/course/72/day72-adaptive-batching/frontend/node_modules/react-smooth/es6/index.js'

ERROR in ./node_modules/react-transition-group/esm/index.js
Module build failed (from ./node_modules/source-map-loader/dist/cjs.js):
Error: ENOENT: no such file or directory, open '/Users/sumedhshende/sysd/course/72/day72-adaptive-batching/frontend/node_modules/react-transition-group/esm/index.js'

ERROR in ./node_modules/victory-vendor/es/d3-scale.js
Module build failed (from ./node_modules/source-map-loader/dist/cjs.js):
Error: ENOENT: no such file or directory, open '/Users/sumedhshende/sysd/course/72/day72-adaptive-batching/frontend/node_modules/victory-vendor/es/d3-scale.js'

ERROR in ./node_modules/victory-vendor/es/d3-shape.js
Module build failed (from ./node_modules/source-map-loader/dist/cjs.js):
Error: ENOENT: no such file or directory, open '/Users/sumedhshende/sysd/course/72/day72-adaptive-batching/frontend/node_modules/victory-vendor/es/d3-shape.js'

ERROR in Module not found: Error: Can't resolve '/Users/sumedhshende/sysd/course/72/day72-adaptive-batching/frontend/node_modules/@pmmmwh/react-refresh-webpack-plugin/client/ReactRefreshEntry.js' in '/Users/sumedhshende/sysd/course/72/day72-adaptive-batching/frontend'

webpack compiled with 23 errors
Failed to compile.

Error: ENOENT: no such file or directory, open '/Users/sumedhshende/sysd/course/72/day72-adaptive-batching/frontend/node_modules/@mui/system/colorManipulator.js'
ERROR in ./node_modules/@mui/system/colorManipulator.js
Module build failed (from ./node_modules/source-map-loader/dist/cjs.js):
Error: ENOENT: no such file or directory, open '/Users/sumedhshende/sysd/course/72/day72-adaptive-batching/frontend/node_modules/@mui/system/colorManipulator.js'

ERROR in ./node_modules/@mui/system/createStyled.js
Module build failed (from ./node_modules/source-map-loader/dist/cjs.js):
Error: ENOENT: no such file or directory, open '/Users/sumedhshende/sysd/course/72/day72-adaptive-batching/frontend/node_modules/@mui/system/createStyled.js'

ERROR in ./node_modules/@mui/system/esm/DefaultPropsProvider/index.js
Module build failed (from ./node_modules/source-map-loader/dist/cjs.js):
Error: ENOENT: no such file or directory, open '/Users/sumedhshende/sysd/course/72/day72-adaptive-batching/frontend/node_modules/@mui/system/esm/DefaultPropsProvider/index.js'

ERROR in ./node_modules/@mui/system/esm/InitColorSchemeScript/index.js
Module build failed (from ./node_modules/source-map-loader/dist/cjs.js):
Error: ENOENT: no such file or directory, open '/Users/sumedhshende/sysd/course/72/day72-adaptive-batching/frontend/node_modules/@mui/system/esm/InitColorSchemeScript/index.js'

ERROR in ./node_modules/@mui/system/esm/RtlProvider/index.js
Module build failed (from ./node_modules/source-map-loader/dist/cjs.js):
Error: ENOENT: no such file or directory, open '/Users/sumedhshende/sysd/course/72/day72-adaptive-batching/frontend/node_modules/@mui/system/esm/RtlProvider/index.js'

ERROR in ./node_modules/@mui/system/esm/Unstable_Grid/index.js
Module build failed (from ./node_modules/source-map-loader/dist/cjs.js):
Error: ENOENT: no such file or directory, open '/Users/sumedhshende/sysd/course/72/day72-adaptive-batching/frontend/node_modules/@mui/system/esm/Unstable_Grid/index.js'

ERROR in ./node_modules/@mui/system/esm/createTheme/index.js
Module build failed (from ./node_modules/source-map-loader/dist/cjs.js):
Error: ENOENT: no such file or directory, open '/Users/sumedhshende/sysd/course/72/day72-adaptive-batching/frontend/node_modules/@mui/system/esm/createTheme/index.js'

ERROR in ./node_modules/@mui/system/esm/index.js
Module build failed (from ./node_modules/source-map-loader/dist/cjs.js):
Error: ENOENT: no such file or directory, open '/Users/sumedhshende/sysd/course/72/day72-adaptive-batching/frontend/node_modules/@mui/system/esm/index.js'

ERROR in ./node_modules/@mui/system/esm/styleFunctionSx/index.js
Module build failed (from ./node_modules/source-map-loader/dist/cjs.js):
Error: ENOENT: no such file or directory, open '/Users/sumedhshende/sysd/course/72/day72-adaptive-batching/frontend/node_modules/@mui/system/esm/styleFunctionSx/index.js'

ERROR in ./node_modules/@mui/system/esm/useMediaQuery/index.js
Module build failed (from ./node_modules/source-map-loader/dist/cjs.js):
Error: ENOENT: no such file or directory, open '/Users/sumedhshende/sysd/course/72/day72-adaptive-batching/frontend/node_modules/@mui/system/esm/useMediaQuery/index.js'

ERROR in ./node_modules/@mui/system/esm/useThemeProps/index.js
Module build failed (from ./node_modules/source-map-loader/dist/cjs.js):
Error: ENOENT: no such file or directory, open '/Users/sumedhshende/sysd/course/72/day72-adaptive-batching/frontend/node_modules/@mui/system/esm/useThemeProps/index.js'

ERROR in ./node_modules/@mui/system/useThemeWithoutDefault.js
Module build failed (from ./node_modules/source-map-loader/dist/cjs.js):
Error: ENOENT: no such file or directory, open '/Users/sumedhshende/sysd/course/72/day72-adaptive-batching/frontend/node_modules/@mui/system/useThemeWithoutDefault.js'

ERROR in ./node_modules/@popperjs/core/lib/index.js
Module build failed (from ./node_modules/source-map-loader/dist/cjs.js):
Error: ENOENT: no such file or directory, open '/Users/sumedhshende/sysd/course/72/day72-adaptive-batching/frontend/node_modules/@popperjs/core/lib/index.js'

ERROR in ./node_modules/decimal.js-light/decimal.js
Module build failed (from ./node_modules/source-map-loader/dist/cjs.js):
Error: ENOENT: no such file or directory, open '/Users/sumedhshende/sysd/course/72/day72-adaptive-batching/frontend/node_modules/decimal.js-light/decimal.js'

ERROR in ./node_modules/eventemitter3/index.js
Module build failed (from ./node_modules/source-map-loader/dist/cjs.js):
Error: ENOENT: no such file or directory, open '/Users/sumedhshende/sysd/course/72/day72-adaptive-batching/frontend/node_modules/eventemitter3/index.js'

ERROR in ./node_modules/react-dom/client.js
Module build failed (from ./node_modules/source-map-loader/dist/cjs.js):
Error: ENOENT: no such file or directory, open '/Users/sumedhshende/sysd/course/72/day72-adaptive-batching/frontend/node_modules/react-dom/client.js'

ERROR in ./node_modules/react-dom/index.js
Module build failed (from ./node_modules/source-map-loader/dist/cjs.js):
Error: ENOENT: no such file or directory, open '/Users/sumedhshende/sysd/course/72/day72-adaptive-batching/frontend/node_modules/react-dom/index.js'

ERROR in ./node_modules/react-is/index.js
Module build failed (from ./node_modules/source-map-loader/dist/cjs.js):
Error: ENOENT: no such file or directory, open '/Users/sumedhshende/sysd/course/72/day72-adaptive-batching/frontend/node_modules/react-is/index.js'

ERROR in ./node_modules/react-smooth/es6/index.js
Module build failed (from ./node_modules/source-map-loader/dist/cjs.js):
Error: ENOENT: no such file or directory, open '/Users/sumedhshende/sysd/course/72/day72-adaptive-batching/frontend/node_modules/react-smooth/es6/index.js'

ERROR in ./node_modules/react-transition-group/esm/index.js
Module build failed (from ./node_modules/source-map-loader/dist/cjs.js):
Error: ENOENT: no such file or directory, open '/Users/sumedhshende/sysd/course/72/day72-adaptive-batching/frontend/node_modules/react-transition-group/esm/index.js'

ERROR in ./node_modules/victory-vendor/es/d3-scale.js
Module build failed (from ./node_modules/source-map-loader/dist/cjs.js):
Error: ENOENT: no such file or directory, open '/Users/sumedhshende/sysd/course/72/day72-adaptive-batching/frontend/node_modules/victory-vendor/es/d3-scale.js'

ERROR in ./node_modules/victory-vendor/es/d3-shape.js
Module build failed (from ./node_modules/source-map-loader/dist/cjs.js):
Error: ENOENT: no such file or directory, open '/Users/sumedhshende/sysd/course/72/day72-adaptive-batching/frontend/node_modules/victory-vendor/es/d3-shape.js'

ERROR in Module not found: Error: Can't resolve '/Users/sumedhshende/sysd/course/72/day72-adaptive-batching/frontend/node_modules/@pmmmwh/react-refresh-webpack-plugin/client/ReactRefreshEntry.js' in '/Users/sumedhshende/sysd/course/72/day72-adaptive-batching/frontend'

webpack compiled with 23 errors
Failed to compile.

Error: ENOENT: no such file or directory, open '/Users/sumedhshende/sysd/course/72/day72-adaptive-batching/frontend/node_modules/@mui/system/colorManipulator.js'
LOG from webpack.FileSystemInfo
<w> Managed item /Users/sumedhshende/sysd/course/72/day72-adaptive-batching/frontend/node_modules/webpack-dev-server isn't a directory or doesn't contain a package.json (see snapshot.managedPaths option)
+ 12 hidden lines

ERROR in ./node_modules/@mui/system/colorManipulator.js
Module build failed (from ./node_modules/source-map-loader/dist/cjs.js):
Error: ENOENT: no such file or directory, open '/Users/sumedhshende/sysd/course/72/day72-adaptive-batching/frontend/node_modules/@mui/system/colorManipulator.js'

ERROR in ./node_modules/@mui/system/createStyled.js
Module build failed (from ./node_modules/source-map-loader/dist/cjs.js):
Error: ENOENT: no such file or directory, open '/Users/sumedhshende/sysd/course/72/day72-adaptive-batching/frontend/node_modules/@mui/system/createStyled.js'

ERROR in ./node_modules/@mui/system/esm/DefaultPropsProvider/index.js
Module build failed (from ./node_modules/source-map-loader/dist/cjs.js):
Error: ENOENT: no such file or directory, open '/Users/sumedhshende/sysd/course/72/day72-adaptive-batching/frontend/node_modules/@mui/system/esm/DefaultPropsProvider/index.js'

ERROR in ./node_modules/@mui/system/esm/InitColorSchemeScript/index.js
Module build failed (from ./node_modules/source-map-loader/dist/cjs.js):
Error: ENOENT: no such file or directory, open '/Users/sumedhshende/sysd/course/72/day72-adaptive-batching/frontend/node_modules/@mui/system/esm/InitColorSchemeScript/index.js'

ERROR in ./node_modules/@mui/system/esm/RtlProvider/index.js
Module build failed (from ./node_modules/source-map-loader/dist/cjs.js):
Error: ENOENT: no such file or directory, open '/Users/sumedhshende/sysd/course/72/day72-adaptive-batching/frontend/node_modules/@mui/system/esm/RtlProvider/index.js'

ERROR in ./node_modules/@mui/system/esm/Unstable_Grid/index.js
Module build failed (from ./node_modules/source-map-loader/dist/cjs.js):
Error: ENOENT: no such file or directory, open '/Users/sumedhshende/sysd/course/72/day72-adaptive-batching/frontend/node_modules/@mui/system/esm/Unstable_Grid/index.js'

ERROR in ./node_modules/@mui/system/esm/createTheme/index.js
Module build failed (from ./node_modules/source-map-loader/dist/cjs.js):
Error: ENOENT: no such file or directory, open '/Users/sumedhshende/sysd/course/72/day72-adaptive-batching/frontend/node_modules/@mui/system/esm/createTheme/index.js'

ERROR in ./node_modules/@mui/system/esm/index.js
Module build failed (from ./node_modules/source-map-loader/dist/cjs.js):
Error: ENOENT: no such file or directory, open '/Users/sumedhshende/sysd/course/72/day72-adaptive-batching/frontend/node_modules/@mui/system/esm/index.js'

ERROR in ./node_modules/@mui/system/esm/styleFunctionSx/index.js
Module build failed (from ./node_modules/source-map-loader/dist/cjs.js):
Error: ENOENT: no such file or directory, open '/Users/sumedhshende/sysd/course/72/day72-adaptive-batching/frontend/node_modules/@mui/system/esm/styleFunctionSx/index.js'

ERROR in ./node_modules/@mui/system/esm/useMediaQuery/index.js
Module build failed (from ./node_modules/source-map-loader/dist/cjs.js):
Error: ENOENT: no such file or directory, open '/Users/sumedhshende/sysd/course/72/day72-adaptive-batching/frontend/node_modules/@mui/system/esm/useMediaQuery/index.js'

ERROR in ./node_modules/@mui/system/esm/useThemeProps/index.js
Module build failed (from ./node_modules/source-map-loader/dist/cjs.js):
Error: ENOENT: no such file or directory, open '/Users/sumedhshende/sysd/course/72/day72-adaptive-batching/frontend/node_modules/@mui/system/esm/useThemeProps/index.js'

ERROR in ./node_modules/@mui/system/useThemeWithoutDefault.js
Module build failed (from ./node_modules/source-map-loader/dist/cjs.js):
Error: ENOENT: no such file or directory, open '/Users/sumedhshende/sysd/course/72/day72-adaptive-batching/frontend/node_modules/@mui/system/useThemeWithoutDefault.js'

ERROR in ./node_modules/@popperjs/core/lib/index.js
Module build failed (from ./node_modules/source-map-loader/dist/cjs.js):
Error: ENOENT: no such file or directory, open '/Users/sumedhshende/sysd/course/72/day72-adaptive-batching/frontend/node_modules/@popperjs/core/lib/index.js'

ERROR in ./node_modules/decimal.js-light/decimal.js
Module build failed (from ./node_modules/source-map-loader/dist/cjs.js):
Error: ENOENT: no such file or directory, open '/Users/sumedhshende/sysd/course/72/day72-adaptive-batching/frontend/node_modules/decimal.js-light/decimal.js'

ERROR in ./node_modules/eventemitter3/index.js
Module build failed (from ./node_modules/source-map-loader/dist/cjs.js):
Error: ENOENT: no such file or directory, open '/Users/sumedhshende/sysd/course/72/day72-adaptive-batching/frontend/node_modules/eventemitter3/index.js'

ERROR in ./node_modules/react-dom/client.js
Module build failed (from ./node_modules/source-map-loader/dist/cjs.js):
Error: ENOENT: no such file or directory, open '/Users/sumedhshende/sysd/course/72/day72-adaptive-batching/frontend/node_modules/react-dom/client.js'

ERROR in ./node_modules/react-dom/index.js
Module build failed (from ./node_modules/source-map-loader/dist/cjs.js):
Error: ENOENT: no such file or directory, open '/Users/sumedhshende/sysd/course/72/day72-adaptive-batching/frontend/node_modules/react-dom/index.js'

ERROR in ./node_modules/react-is/index.js
Module build failed (from ./node_modules/source-map-loader/dist/cjs.js):
Error: ENOENT: no such file or directory, open '/Users/sumedhshende/sysd/course/72/day72-adaptive-batching/frontend/node_modules/react-is/index.js'

ERROR in ./node_modules/react-smooth/es6/index.js
Module build failed (from ./node_modules/source-map-loader/dist/cjs.js):
Error: ENOENT: no such file or directory, open '/Users/sumedhshende/sysd/course/72/day72-adaptive-batching/frontend/node_modules/react-smooth/es6/index.js'

ERROR in ./node_modules/react-transition-group/esm/index.js
Module build failed (from ./node_modules/source-map-loader/dist/cjs.js):
Error: ENOENT: no such file or directory, open '/Users/sumedhshende/sysd/course/72/day72-adaptive-batching/frontend/node_modules/react-transition-group/esm/index.js'

ERROR in ./node_modules/victory-vendor/es/d3-scale.js
Module build failed (from ./node_modules/source-map-loader/dist/cjs.js):
Error: ENOENT: no such file or directory, open '/Users/sumedhshende/sysd/course/72/day72-adaptive-batching/frontend/node_modules/victory-vendor/es/d3-scale.js'

ERROR in ./node_modules/victory-vendor/es/d3-shape.js
Module build failed (from ./node_modules/source-map-loader/dist/cjs.js):
Error: ENOENT: no such file or directory, open '/Users/sumedhshende/sysd/course/72/day72-adaptive-batching/frontend/node_modules/victory-vendor/es/d3-shape.js'

ERROR in Module not found: Error: Can't resolve '/Users/sumedhshende/sysd/course/72/day72-adaptive-batching/frontend/node_modules/@pmmmwh/react-refresh-webpack-plugin/client/ReactRefreshEntry.js' in '/Users/sumedhshende/sysd/course/72/day72-adaptive-batching/frontend'

ERROR in Module not found: Error: Can't resolve '/Users/sumedhshende/sysd/course/72/day72-adaptive-batching/frontend/node_modules/webpack-dev-server/client/index.js?protocol=ws%3A&hostname=0.0.0.0&port=3000&pathname=%2Fws&logging=none&overlay=%7B%22errors%22%3Atrue%2C%22warnings%22%3Afalse%7D&reconnect=10&hot=true&live-reload=true' in '/Users/sumedhshende/sysd/course/72/day72-adaptive-batching/frontend'

webpack compiled with 24 errors
Failed to compile.

Error: ENOENT: no such file or directory, open '/Users/sumedhshende/sysd/course/72/day72-adaptive-batching/frontend/node_modules/@mui/system/colorManipulator.js'
LOG from webpack.FileSystemInfo
<w> Managed item /Users/sumedhshende/sysd/course/72/day72-adaptive-batching/frontend/node_modules/@babel/runtime isn't a directory or doesn't contain a package.json (see snapshot.managedPaths option)
+ 8 hidden lines

ERROR in ./node_modules/@mui/system/colorManipulator.js
Module build failed (from ./node_modules/source-map-loader/dist/cjs.js):
Error: ENOENT: no such file or directory, open '/Users/sumedhshende/sysd/course/72/day72-adaptive-batching/frontend/node_modules/@mui/system/colorManipulator.js'

ERROR in ./node_modules/@mui/system/createStyled.js
Module build failed (from ./node_modules/source-map-loader/dist/cjs.js):
Error: ENOENT: no such file or directory, open '/Users/sumedhshende/sysd/course/72/day72-adaptive-batching/frontend/node_modules/@mui/system/createStyled.js'

ERROR in ./node_modules/@mui/system/esm/DefaultPropsProvider/index.js
Module build failed (from ./node_modules/source-map-loader/dist/cjs.js):
Error: ENOENT: no such file or directory, open '/Users/sumedhshende/sysd/course/72/day72-adaptive-batching/frontend/node_modules/@mui/system/esm/DefaultPropsProvider/index.js'

ERROR in ./node_modules/@mui/system/esm/InitColorSchemeScript/index.js
Module build failed (from ./node_modules/source-map-loader/dist/cjs.js):
Error: ENOENT: no such file or directory, open '/Users/sumedhshende/sysd/course/72/day72-adaptive-batching/frontend/node_modules/@mui/system/esm/InitColorSchemeScript/index.js'

ERROR in ./node_modules/@mui/system/esm/RtlProvider/index.js
Module build failed (from ./node_modules/source-map-loader/dist/cjs.js):
Error: ENOENT: no such file or directory, open '/Users/sumedhshende/sysd/course/72/day72-adaptive-batching/frontend/node_modules/@mui/system/esm/RtlProvider/index.js'

ERROR in ./node_modules/@mui/system/esm/Unstable_Grid/index.js
Module build failed (from ./node_modules/source-map-loader/dist/cjs.js):
Error: ENOENT: no such file or directory, open '/Users/sumedhshende/sysd/course/72/day72-adaptive-batching/frontend/node_modules/@mui/system/esm/Unstable_Grid/index.js'

ERROR in ./node_modules/@mui/system/esm/createTheme/index.js
Module build failed (from ./node_modules/source-map-loader/dist/cjs.js):
Error: ENOENT: no such file or directory, open '/Users/sumedhshende/sysd/course/72/day72-adaptive-batching/frontend/node_modules/@mui/system/esm/createTheme/index.js'

ERROR in ./node_modules/@mui/system/esm/index.js
Module build failed (from ./node_modules/source-map-loader/dist/cjs.js):
Error: ENOENT: no such file or directory, open '/Users/sumedhshende/sysd/course/72/day72-adaptive-batching/frontend/node_modules/@mui/system/esm/index.js'

ERROR in ./node_modules/@mui/system/esm/styleFunctionSx/index.js
Module build failed (from ./node_modules/source-map-loader/dist/cjs.js):
Error: ENOENT: no such file or directory, open '/Users/sumedhshende/sysd/course/72/day72-adaptive-batching/frontend/node_modules/@mui/system/esm/styleFunctionSx/index.js'

ERROR in ./node_modules/@mui/system/esm/useMediaQuery/index.js
Module build failed (from ./node_modules/source-map-loader/dist/cjs.js):
Error: ENOENT: no such file or directory, open '/Users/sumedhshende/sysd/course/72/day72-adaptive-batching/frontend/node_modules/@mui/system/esm/useMediaQuery/index.js'

ERROR in ./node_modules/@mui/system/esm/useThemeProps/index.js
Module build failed (from ./node_modules/source-map-loader/dist/cjs.js):
Error: ENOENT: no such file or directory, open '/Users/sumedhshende/sysd/course/72/day72-adaptive-batching/frontend/node_modules/@mui/system/esm/useThemeProps/index.js'

ERROR in ./node_modules/@mui/system/useThemeWithoutDefault.js
Module build failed (from ./node_modules/source-map-loader/dist/cjs.js):
Error: ENOENT: no such file or directory, open '/Users/sumedhshende/sysd/course/72/day72-adaptive-batching/frontend/node_modules/@mui/system/useThemeWithoutDefault.js'

ERROR in ./node_modules/@popperjs/core/lib/index.js
Module build failed (from ./node_modules/source-map-loader/dist/cjs.js):
Error: ENOENT: no such file or directory, open '/Users/sumedhshende/sysd/course/72/day72-adaptive-batching/frontend/node_modules/@popperjs/core/lib/index.js'

ERROR in ./node_modules/decimal.js-light/decimal.js
Module build failed (from ./node_modules/source-map-loader/dist/cjs.js):
Error: ENOENT: no such file or directory, open '/Users/sumedhshende/sysd/course/72/day72-adaptive-batching/frontend/node_modules/decimal.js-light/decimal.js'

ERROR in ./node_modules/eventemitter3/index.js
Module build failed (from ./node_modules/source-map-loader/dist/cjs.js):
Error: ENOENT: no such file or directory, open '/Users/sumedhshende/sysd/course/72/day72-adaptive-batching/frontend/node_modules/eventemitter3/index.js'

ERROR in ./node_modules/react-dom/client.js
Module build failed (from ./node_modules/source-map-loader/dist/cjs.js):
Error: ENOENT: no such file or directory, open '/Users/sumedhshende/sysd/course/72/day72-adaptive-batching/frontend/node_modules/react-dom/client.js'

ERROR in ./node_modules/react-dom/index.js
Module build failed (from ./node_modules/source-map-loader/dist/cjs.js):
Error: ENOENT: no such file or directory, open '/Users/sumedhshende/sysd/course/72/day72-adaptive-batching/frontend/node_modules/react-dom/index.js'

ERROR in ./node_modules/react-is/index.js
Module build failed (from ./node_modules/source-map-loader/dist/cjs.js):
Error: ENOENT: no such file or directory, open '/Users/sumedhshende/sysd/course/72/day72-adaptive-batching/frontend/node_modules/react-is/index.js'

ERROR in ./node_modules/react-smooth/es6/index.js
Module build failed (from ./node_modules/source-map-loader/dist/cjs.js):
Error: ENOENT: no such file or directory, open '/Users/sumedhshende/sysd/course/72/day72-adaptive-batching/frontend/node_modules/react-smooth/es6/index.js'

ERROR in ./node_modules/react-transition-group/esm/index.js
Module build failed (from ./node_modules/source-map-loader/dist/cjs.js):
Error: ENOENT: no such file or directory, open '/Users/sumedhshende/sysd/course/72/day72-adaptive-batching/frontend/node_modules/react-transition-group/esm/index.js'

ERROR in ./node_modules/victory-vendor/es/d3-scale.js
Module build failed (from ./node_modules/source-map-loader/dist/cjs.js):
Error: ENOENT: no such file or directory, open '/Users/sumedhshende/sysd/course/72/day72-adaptive-batching/frontend/node_modules/victory-vendor/es/d3-scale.js'

ERROR in ./node_modules/victory-vendor/es/d3-shape.js
Module build failed (from ./node_modules/source-map-loader/dist/cjs.js):
Error: ENOENT: no such file or directory, open '/Users/sumedhshende/sysd/course/72/day72-adaptive-batching/frontend/node_modules/victory-vendor/es/d3-shape.js'

ERROR in ./node_modules/@babel/runtime/helpers/esm/extends.js
Module build failed: Error: ENOENT: no such file or directory, open '/Users/sumedhshende/sysd/course/72/day72-adaptive-batching/frontend/node_modules/@babel/runtime/helpers/esm/extends.js'

ERROR in ./node_modules/@babel/runtime/helpers/esm/objectWithoutPropertiesLoose.js
Module build failed: Error: ENOENT: no such file or directory, open '/Users/sumedhshende/sysd/course/72/day72-adaptive-batching/frontend/node_modules/@babel/runtime/helpers/esm/objectWithoutPropertiesLoose.js'

ERROR in Module not found: Error: Can't resolve '/Users/sumedhshende/sysd/course/72/day72-adaptive-batching/frontend/node_modules/@pmmmwh/react-refresh-webpack-plugin/client/ReactRefreshEntry.js' in '/Users/sumedhshende/sysd/course/72/day72-adaptive-batching/frontend'

ERROR in Module not found: Error: Can't resolve '/Users/sumedhshende/sysd/course/72/day72-adaptive-batching/frontend/node_modules/webpack-dev-server/client/index.js?protocol=ws%3A&hostname=0.0.0.0&port=3000&pathname=%2Fws&logging=none&overlay=%7B%22errors%22%3Atrue%2C%22warnings%22%3Afalse%7D&reconnect=10&hot=true&live-reload=true' in '/Users/sumedhshende/sysd/course/72/day72-adaptive-batching/frontend'

webpack compiled with 26 errors
Failed to compile.

Module not found: Error: Can't resolve '/Users/sumedhshende/sysd/course/72/day72-adaptive-batching/frontend/node_modules/css-loader/dist/cjs.js' in '/Users/sumedhshende/sysd/course/72/day72-adaptive-batching/frontend'
ERROR in ./src/App.js 9:0-19
Module not found: Error: Can't resolve '/Users/sumedhshende/sysd/course/72/day72-adaptive-batching/frontend/node_modules/css-loader/dist/cjs.js' in '/Users/sumedhshende/sysd/course/72/day72-adaptive-batching/frontend'

ERROR in ./src/index.js 6:0-21
Module not found: Error: Can't resolve '/Users/sumedhshende/sysd/course/72/day72-adaptive-batching/frontend/node_modules/css-loader/dist/cjs.js' in '/Users/sumedhshende/sysd/course/72/day72-adaptive-batching/frontend'

ERROR in ./node_modules/@mui/material/CssBaseline/index.js
Module build failed (from ./node_modules/source-map-loader/dist/cjs.js):
Error: ENOENT: no such file or directory, open '/Users/sumedhshende/sysd/course/72/day72-adaptive-batching/frontend/node_modules/@mui/material/CssBaseline/index.js'

ERROR in ./node_modules/@mui/material/index.js
Module build failed (from ./node_modules/source-map-loader/dist/cjs.js):
Error: ENOENT: no such file or directory, open '/Users/sumedhshende/sysd/course/72/day72-adaptive-batching/frontend/node_modules/@mui/material/index.js'

ERROR in ./node_modules/@mui/material/styles/index.js
Module build failed (from ./node_modules/source-map-loader/dist/cjs.js):
Error: ENOENT: no such file or directory, open '/Users/sumedhshende/sysd/course/72/day72-adaptive-batching/frontend/node_modules/@mui/material/styles/index.js'

ERROR in ./node_modules/@pmmmwh/react-refresh-webpack-plugin/lib/runtime/RefreshUtils.js
Module build failed (from ./node_modules/source-map-loader/dist/cjs.js):
Error: ENOENT: no such file or directory, open '/Users/sumedhshende/sysd/course/72/day72-adaptive-batching/frontend/node_modules/@pmmmwh/react-refresh-webpack-plugin/lib/runtime/RefreshUtils.js'

ERROR in ./node_modules/eventemitter3/index.js
Module build failed (from ./node_modules/source-map-loader/dist/cjs.js):
Error: ENOENT: no such file or directory, open '/Users/sumedhshende/sysd/course/72/day72-adaptive-batching/frontend/node_modules/eventemitter3/index.js'

ERROR in ./node_modules/lodash/every.js
Module build failed (from ./node_modules/source-map-loader/dist/cjs.js):
Error: ENOENT: no such file or directory, open '/Users/sumedhshende/sysd/course/72/day72-adaptive-batching/frontend/node_modules/lodash/every.js'

ERROR in ./node_modules/lodash/find.js
Module build failed (from ./node_modules/source-map-loader/dist/cjs.js):
Error: ENOENT: no such file or directory, open '/Users/sumedhshende/sysd/course/72/day72-adaptive-batching/frontend/node_modules/lodash/find.js'

ERROR in ./node_modules/lodash/first.js
Module build failed (from ./node_modules/source-map-loader/dist/cjs.js):
Error: ENOENT: no such file or directory, open '/Users/sumedhshende/sysd/course/72/day72-adaptive-batching/frontend/node_modules/lodash/first.js'

ERROR in ./node_modules/lodash/flatMap.js
Module build failed (from ./node_modules/source-map-loader/dist/cjs.js):
Error: ENOENT: no such file or directory, open '/Users/sumedhshende/sysd/course/72/day72-adaptive-batching/frontend/node_modules/lodash/flatMap.js'

ERROR in ./node_modules/lodash/get.js
Module build failed (from ./node_modules/source-map-loader/dist/cjs.js):
Error: ENOENT: no such file or directory, open '/Users/sumedhshende/sysd/course/72/day72-adaptive-batching/frontend/node_modules/lodash/get.js'

ERROR in ./node_modules/lodash/isBoolean.js
Module build failed (from ./node_modules/source-map-loader/dist/cjs.js):
Error: ENOENT: no such file or directory, open '/Users/sumedhshende/sysd/course/72/day72-adaptive-batching/frontend/node_modules/lodash/isBoolean.js'

ERROR in ./node_modules/lodash/isEqual.js
Module build failed (from ./node_modules/source-map-loader/dist/cjs.js):
Error: ENOENT: no such file or directory, open '/Users/sumedhshende/sysd/course/72/day72-adaptive-batching/frontend/node_modules/lodash/isEqual.js'

ERROR in ./node_modules/lodash/isFunction.js
Module build failed (from ./node_modules/source-map-loader/dist/cjs.js):
Error: ENOENT: no such file or directory, open '/Users/sumedhshende/sysd/course/72/day72-adaptive-batching/frontend/node_modules/lodash/isFunction.js'

ERROR in ./node_modules/lodash/isNaN.js
Module build failed (from ./node_modules/source-map-loader/dist/cjs.js):
Error: ENOENT: no such file or directory, open '/Users/sumedhshende/sysd/course/72/day72-adaptive-batching/frontend/node_modules/lodash/isNaN.js'

ERROR in ./node_modules/lodash/isNil.js
Module build failed (from ./node_modules/source-map-loader/dist/cjs.js):
Error: ENOENT: no such file or directory, open '/Users/sumedhshende/sysd/course/72/day72-adaptive-batching/frontend/node_modules/lodash/isNil.js'

ERROR in ./node_modules/lodash/isNumber.js
Module build failed (from ./node_modules/source-map-loader/dist/cjs.js):
Error: ENOENT: no such file or directory, open '/Users/sumedhshende/sysd/course/72/day72-adaptive-batching/frontend/node_modules/lodash/isNumber.js'

ERROR in ./node_modules/lodash/isObject.js
Module build failed (from ./node_modules/source-map-loader/dist/cjs.js):
Error: ENOENT: no such file or directory, open '/Users/sumedhshende/sysd/course/72/day72-adaptive-batching/frontend/node_modules/lodash/isObject.js'

ERROR in ./node_modules/lodash/isPlainObject.js
Module build failed (from ./node_modules/source-map-loader/dist/cjs.js):
Error: ENOENT: no such file or directory, open '/Users/sumedhshende/sysd/course/72/day72-adaptive-batching/frontend/node_modules/lodash/isPlainObject.js'

ERROR in ./node_modules/lodash/isString.js
Module build failed (from ./node_modules/source-map-loader/dist/cjs.js):
Error: ENOENT: no such file or directory, open '/Users/sumedhshende/sysd/course/72/day72-adaptive-batching/frontend/node_modules/lodash/isString.js'

ERROR in ./node_modules/lodash/last.js
Module build failed (from ./node_modules/source-map-loader/dist/cjs.js):
Error: ENOENT: no such file or directory, open '/Users/sumedhshende/sysd/course/72/day72-adaptive-batching/frontend/node_modules/lodash/last.js'

ERROR in ./node_modules/lodash/mapValues.js
Module build failed (from ./node_modules/source-map-loader/dist/cjs.js):
Error: ENOENT: no such file or directory, open '/Users/sumedhshende/sysd/course/72/day72-adaptive-batching/frontend/node_modules/lodash/mapValues.js'

ERROR in ./node_modules/lodash/max.js
Module build failed (from ./node_modules/source-map-loader/dist/cjs.js):
Error: ENOENT: no such file or directory, open '/Users/sumedhshende/sysd/course/72/day72-adaptive-batching/frontend/node_modules/lodash/max.js'

ERROR in ./node_modules/lodash/maxBy.js
Module build failed (from ./node_modules/source-map-loader/dist/cjs.js):
Error: ENOENT: no such file or directory, open '/Users/sumedhshende/sysd/course/72/day72-adaptive-batching/frontend/node_modules/lodash/maxBy.js'

ERROR in ./node_modules/lodash/memoize.js
Module build failed (from ./node_modules/source-map-loader/dist/cjs.js):
Error: ENOENT: no such file or directory, open '/Users/sumedhshende/sysd/course/72/day72-adaptive-batching/frontend/node_modules/lodash/memoize.js'

ERROR in ./node_modules/lodash/min.js
Module build failed (from ./node_modules/source-map-loader/dist/cjs.js):
Error: ENOENT: no such file or directory, open '/Users/sumedhshende/sysd/course/72/day72-adaptive-batching/frontend/node_modules/lodash/min.js'

ERROR in ./node_modules/lodash/minBy.js
Module build failed (from ./node_modules/source-map-loader/dist/cjs.js):
Error: ENOENT: no such file or directory, open '/Users/sumedhshende/sysd/course/72/day72-adaptive-batching/frontend/node_modules/lodash/minBy.js'

ERROR in ./node_modules/lodash/omit.js
Module build failed (from ./node_modules/source-map-loader/dist/cjs.js):
Error: ENOENT: no such file or directory, open '/Users/sumedhshende/sysd/course/72/day72-adaptive-batching/frontend/node_modules/lodash/omit.js'

ERROR in ./node_modules/lodash/range.js
Module build failed (from ./node_modules/source-map-loader/dist/cjs.js):
Error: ENOENT: no such file or directory, open '/Users/sumedhshende/sysd/course/72/day72-adaptive-batching/frontend/node_modules/lodash/range.js'

ERROR in ./node_modules/lodash/some.js
Module build failed (from ./node_modules/source-map-loader/dist/cjs.js):
Error: ENOENT: no such file or directory, open '/Users/sumedhshende/sysd/course/72/day72-adaptive-batching/frontend/node_modules/lodash/some.js'

ERROR in ./node_modules/lodash/sortBy.js
Module build failed (from ./node_modules/source-map-loader/dist/cjs.js):
Error: ENOENT: no such file or directory, open '/Users/sumedhshende/sysd/course/72/day72-adaptive-batching/frontend/node_modules/lodash/sortBy.js'

ERROR in ./node_modules/lodash/sumBy.js
Module build failed (from ./node_modules/source-map-loader/dist/cjs.js):
Error: ENOENT: no such file or directory, open '/Users/sumedhshende/sysd/course/72/day72-adaptive-batching/frontend/node_modules/lodash/sumBy.js'

ERROR in ./node_modules/lodash/throttle.js
Module build failed (from ./node_modules/source-map-loader/dist/cjs.js):
Error: ENOENT: no such file or directory, open '/Users/sumedhshende/sysd/course/72/day72-adaptive-batching/frontend/node_modules/lodash/throttle.js'

ERROR in ./node_modules/lodash/uniqBy.js
Module build failed (from ./node_modules/source-map-loader/dist/cjs.js):
Error: ENOENT: no such file or directory, open '/Users/sumedhshende/sysd/course/72/day72-adaptive-batching/frontend/node_modules/lodash/uniqBy.js'

ERROR in ./node_modules/lodash/upperFirst.js
Module build failed (from ./node_modules/source-map-loader/dist/cjs.js):
Error: ENOENT: no such file or directory, open '/Users/sumedhshende/sysd/course/72/day72-adaptive-batching/frontend/node_modules/lodash/upperFirst.js'

ERROR in ./node_modules/react-dom/client.js
Module build failed (from ./node_modules/source-map-loader/dist/cjs.js):
Error: ENOENT: no such file or directory, open '/Users/sumedhshende/sysd/course/72/day72-adaptive-batching/frontend/node_modules/react-dom/client.js'

ERROR in ./node_modules/react-refresh/runtime.js
Module build failed (from ./node_modules/source-map-loader/dist/cjs.js):
Error: ENOENT: no such file or directory, open '/Users/sumedhshende/sysd/course/72/day72-adaptive-batching/frontend/node_modules/react-refresh/runtime.js'

ERROR in ./node_modules/react-smooth/es6/index.js
Module build failed (from ./node_modules/source-map-loader/dist/cjs.js):
Error: ENOENT: no such file or directory, open '/Users/sumedhshende/sysd/course/72/day72-adaptive-batching/frontend/node_modules/react-smooth/es6/index.js'

ERROR in ./node_modules/recharts-scale/es6/index.js
Module build failed (from ./node_modules/source-map-loader/dist/cjs.js):
Error: ENOENT: no such file or directory, open '/Users/sumedhshende/sysd/course/72/day72-adaptive-batching/frontend/node_modules/recharts-scale/es6/index.js'

ERROR in ./node_modules/victory-vendor/es/d3-scale.js
Module build failed (from ./node_modules/source-map-loader/dist/cjs.js):
Error: ENOENT: no such file or directory, open '/Users/sumedhshende/sysd/course/72/day72-adaptive-batching/frontend/node_modules/victory-vendor/es/d3-scale.js'

ERROR in ./node_modules/victory-vendor/es/d3-shape.js
Module build failed (from ./node_modules/source-map-loader/dist/cjs.js):
Error: ENOENT: no such file or directory, open '/Users/sumedhshende/sysd/course/72/day72-adaptive-batching/frontend/node_modules/victory-vendor/es/d3-shape.js'

ERROR in ./node_modules/clsx/dist/clsx.mjs
Module build failed (from ./node_modules/source-map-loader/dist/cjs.js):
Error: ENOENT: no such file or directory, open '/Users/sumedhshende/sysd/course/72/day72-adaptive-batching/frontend/node_modules/clsx/dist/clsx.mjs'

ERROR in ./node_modules/tiny-invariant/dist/esm/tiny-invariant.js
Module build failed (from ./node_modules/source-map-loader/dist/cjs.js):
Error: ENOENT: no such file or directory, open '/Users/sumedhshende/sysd/course/72/day72-adaptive-batching/frontend/node_modules/tiny-invariant/dist/esm/tiny-invariant.js'

ERROR in Module not found: Error: Can't resolve '/Users/sumedhshende/sysd/course/72/day72-adaptive-batching/frontend/node_modules/@pmmmwh/react-refresh-webpack-plugin/client/ReactRefreshEntry.js' in '/Users/sumedhshende/sysd/course/72/day72-adaptive-batching/frontend'

ERROR in Module not found: Error: Can't resolve '/Users/sumedhshende/sysd/course/72/day72-adaptive-batching/frontend/node_modules/webpack-dev-server/client/index.js?protocol=ws%3A&hostname=0.0.0.0&port=3000&pathname=%2Fws&logging=none&overlay=%7B%22errors%22%3Atrue%2C%22warnings%22%3Afalse%7D&reconnect=10&hot=true&live-reload=true' in '/Users/sumedhshende/sysd/course/72/day72-adaptive-batching/frontend'

ERROR in Module not found: Error: Can't resolve '/Users/sumedhshende/sysd/course/72/day72-adaptive-batching/frontend/node_modules/webpack/hot/dev-server.js' in '/Users/sumedhshende/sysd/course/72/day72-adaptive-batching/frontend'

ERROR in Child compilation failed:
Module not found: Error: Can't resolve '/Users/sumedhshende/sysd/course/72/day72-adaptive-batching/frontend/node_modules/html-webpack-plugin/lib/loader.js' in '/Users/sumedhshende/sysd/course/72/day72-adaptive-batching/frontend'
ModuleNotFoundError: Module not found: Error: Can't resolve '/Users/sumedhshende/sysd/course/72/day72-adaptive-batching/frontend/node_modules/html-webpack-plugin/lib/loader.js' in '/Users/sumedhshende/sysd/course/72/day72-adaptive-batching/frontend'
    at /Users/sumedhshende/sysd/course/72/day72-adaptive-batching/frontend/node_modules/webpack/lib/Compilation.js:2237:28
    at /Users/sumedhshende/sysd/course/72/day72-adaptive-batching/frontend/node_modules/webpack/lib/NormalModuleFactory.js:949:13
    at eval (eval at create (/Users/sumedhshende/sysd/course/72/day72-adaptive-batching/frontend/node_modules/tapable/lib/HookCodeFactory.js:33:10), <anonymous>:10:1)
    at /Users/sumedhshende/sysd/course/72/day72-adaptive-batching/frontend/node_modules/webpack/lib/NormalModuleFactory.js:347:22
    at eval (eval at create (/Users/sumedhshende/sysd/course/72/day72-adaptive-batching/frontend/node_modules/tapable/lib/HookCodeFactory.js:33:10), <anonymous>:9:1)
    at /Users/sumedhshende/sysd/course/72/day72-adaptive-batching/frontend/node_modules/webpack/lib/NormalModuleFactory.js:532:22
    at /Users/sumedhshende/sysd/course/72/day72-adaptive-batching/frontend/node_modules/webpack/lib/NormalModuleFactory.js:163:10
    at /Users/sumedhshende/sysd/course/72/day72-adaptive-batching/frontend/node_modules/webpack/lib/NormalModuleFactory.js:769:23
    at /Users/sumedhshende/sysd/course/72/day72-adaptive-batching/frontend/node_modules/neo-async/async.js:2830:7
    at done (/Users/sumedhshende/sysd/course/72/day72-adaptive-batching/frontend/node_modules/neo-async/async.js:2925:13)

1 ERROR in child compilations (Use 'stats.children: true' resp. '--stats-children' for more details)
webpack compiled with 49 errors
Failed to compile.

Module not found: Error: Can't resolve '/Users/sumedhshende/sysd/course/72/day72-adaptive-batching/frontend/node_modules/@pmmmwh/react-refresh-webpack-plugin/client/ReactRefreshEntry.js' in '/Users/sumedhshende/sysd/course/72/day72-adaptive-batching/frontend'
ERROR in Module not found: Error: Can't resolve '/Users/sumedhshende/sysd/course/72/day72-adaptive-batching/frontend/node_modules/@pmmmwh/react-refresh-webpack-plugin/client/ReactRefreshEntry.js' in '/Users/sumedhshende/sysd/course/72/day72-adaptive-batching/frontend'

ERROR in main
Module not found: Error: Can't resolve '/Users/sumedhshende/sysd/course/72/day72-adaptive-batching/frontend/node_modules/source-map-loader/dist/cjs.js' in '/Users/sumedhshende/sysd/course/72/day72-adaptive-batching/frontend'

ERROR in Module not found: Error: Can't resolve '/Users/sumedhshende/sysd/course/72/day72-adaptive-batching/frontend/node_modules/webpack-dev-server/client/index.js?protocol=ws%3A&hostname=0.0.0.0&port=3000&pathname=%2Fws&logging=none&overlay=%7B%22errors%22%3Atrue%2C%22warnings%22%3Afalse%7D&reconnect=10&hot=true&live-reload=true' in '/Users/sumedhshende/sysd/course/72/day72-adaptive-batching/frontend'

ERROR in Module not found: Error: Can't resolve '/Users/sumedhshende/sysd/course/72/day72-adaptive-batching/frontend/node_modules/webpack/hot/dev-server.js' in '/Users/sumedhshende/sysd/course/72/day72-adaptive-batching/frontend'

ERROR in Child compilation failed:
Module not found: Error: Can't resolve '/Users/sumedhshende/sysd/course/72/day72-adaptive-batching/frontend/node_modules/html-webpack-plugin/lib/loader.js' in '/Users/sumedhshende/sysd/course/72/day72-adaptive-batching/frontend'
ModuleNotFoundError: Module not found: Error: Can't resolve '/Users/sumedhshende/sysd/course/72/day72-adaptive-batching/frontend/node_modules/html-webpack-plugin/lib/loader.js' in '/Users/sumedhshende/sysd/course/72/day72-adaptive-batching/frontend'
    at /Users/sumedhshende/sysd/course/72/day72-adaptive-batching/frontend/node_modules/webpack/lib/Compilation.js:2237:28
    at /Users/sumedhshende/sysd/course/72/day72-adaptive-batching/frontend/node_modules/webpack/lib/NormalModuleFactory.js:949:13
    at eval (eval at create (/Users/sumedhshende/sysd/course/72/day72-adaptive-batching/frontend/node_modules/tapable/lib/HookCodeFactory.js:33:10), <anonymous>:10:1)
    at /Users/sumedhshende/sysd/course/72/day72-adaptive-batching/frontend/node_modules/webpack/lib/NormalModuleFactory.js:347:22
    at eval (eval at create (/Users/sumedhshende/sysd/course/72/day72-adaptive-batching/frontend/node_modules/tapable/lib/HookCodeFactory.js:33:10), <anonymous>:9:1)
    at /Users/sumedhshende/sysd/course/72/day72-adaptive-batching/frontend/node_modules/webpack/lib/NormalModuleFactory.js:532:22
    at /Users/sumedhshende/sysd/course/72/day72-adaptive-batching/frontend/node_modules/webpack/lib/NormalModuleFactory.js:163:10
    at /Users/sumedhshende/sysd/course/72/day72-adaptive-batching/frontend/node_modules/webpack/lib/NormalModuleFactory.js:769:23
    at /Users/sumedhshende/sysd/course/72/day72-adaptive-batching/frontend/node_modules/neo-async/async.js:2830:7
    at done (/Users/sumedhshende/sysd/course/72/day72-adaptive-batching/frontend/node_modules/neo-async/async.js:2925:13)

webpack compiled with 5 errors
Failed to compile.

Module not found: Error: Can't resolve '/Users/sumedhshende/sysd/course/72/day72-adaptive-batching/frontend/node_modules/@pmmmwh/react-refresh-webpack-plugin/client/ReactRefreshEntry.js' in '/Users/sumedhshende/sysd/course/72/day72-adaptive-batching/frontend'
ERROR in Module not found: Error: Can't resolve '/Users/sumedhshende/sysd/course/72/day72-adaptive-batching/frontend/node_modules/@pmmmwh/react-refresh-webpack-plugin/client/ReactRefreshEntry.js' in '/Users/sumedhshende/sysd/course/72/day72-adaptive-batching/frontend'

ERROR in main
Module not found: Error: Can't resolve '/Users/sumedhshende/sysd/course/72/day72-adaptive-batching/frontend/node_modules/source-map-loader/dist/cjs.js' in '/Users/sumedhshende/sysd/course/72/day72-adaptive-batching/frontend'

ERROR in Module not found: Error: Can't resolve '/Users/sumedhshende/sysd/course/72/day72-adaptive-batching/frontend/node_modules/webpack-dev-server/client/index.js?protocol=ws%3A&hostname=0.0.0.0&port=3000&pathname=%2Fws&logging=none&overlay=%7B%22errors%22%3Atrue%2C%22warnings%22%3Afalse%7D&reconnect=10&hot=true&live-reload=true' in '/Users/sumedhshende/sysd/course/72/day72-adaptive-batching/frontend'

ERROR in Module not found: Error: Can't resolve '/Users/sumedhshende/sysd/course/72/day72-adaptive-batching/frontend/node_modules/webpack/hot/dev-server.js' in '/Users/sumedhshende/sysd/course/72/day72-adaptive-batching/frontend'

ERROR in Child compilation failed:
Module not found: Error: Can't resolve '/Users/sumedhshende/sysd/course/72/day72-adaptive-batching/frontend/node_modules/html-webpack-plugin/lib/loader.js' in '/Users/sumedhshende/sysd/course/72/day72-adaptive-batching/frontend'
ModuleNotFoundError: Module not found: Error: Can't resolve '/Users/sumedhshende/sysd/course/72/day72-adaptive-batching/frontend/node_modules/html-webpack-plugin/lib/loader.js' in '/Users/sumedhshende/sysd/course/72/day72-adaptive-batching/frontend'
    at /Users/sumedhshende/sysd/course/72/day72-adaptive-batching/frontend/node_modules/webpack/lib/Compilation.js:2237:28
    at /Users/sumedhshende/sysd/course/72/day72-adaptive-batching/frontend/node_modules/webpack/lib/NormalModuleFactory.js:949:13
    at eval (eval at create (/Users/sumedhshende/sysd/course/72/day72-adaptive-batching/frontend/node_modules/tapable/lib/HookCodeFactory.js:33:10), <anonymous>:10:1)
    at /Users/sumedhshende/sysd/course/72/day72-adaptive-batching/frontend/node_modules/webpack/lib/NormalModuleFactory.js:347:22
    at eval (eval at create (/Users/sumedhshende/sysd/course/72/day72-adaptive-batching/frontend/node_modules/tapable/lib/HookCodeFactory.js:33:10), <anonymous>:9:1)
    at /Users/sumedhshende/sysd/course/72/day72-adaptive-batching/frontend/node_modules/webpack/lib/NormalModuleFactory.js:532:22
    at /Users/sumedhshende/sysd/course/72/day72-adaptive-batching/frontend/node_modules/webpack/lib/NormalModuleFactory.js:163:10
    at /Users/sumedhshende/sysd/course/72/day72-adaptive-batching/frontend/node_modules/webpack/lib/NormalModuleFactory.js:769:23
    at /Users/sumedhshende/sysd/course/72/day72-adaptive-batching/frontend/node_modules/neo-async/async.js:2830:7
    at done (/Users/sumedhshende/sysd/course/72/day72-adaptive-batching/frontend/node_modules/neo-async/async.js:2925:13)

webpack compiled with 5 errors
/Users/sumedhshende/sysd/course/72/day72-adaptive-batching/frontend/node_modules/react-scripts/scripts/start.js:19
  throw err;
  ^

[Error: ENOENT: no such file or directory, stat '/Users/sumedhshende/sysd/course/72/day72-adaptive-batching/frontend/node_modules/.cache/default-development/1.pack'] {
  errno: -2,
  code: 'ENOENT',
  syscall: 'stat',
  path: '/Users/sumedhshende/sysd/course/72/day72-adaptive-batching/frontend/node_modules/.cache/default-development/1.pack'
}

Node.js v24.2.0
